#
# There is insufficient memory for the Java Runtime Environment to continue.
# Native memory allocation (malloc) failed to allocate 659376 bytes for Chunk::new
# Possible reasons:
#   The system is out of physical RAM or swap space
#   The process is running with CompressedOops enabled, and the Java Heap may be blocking the growth of the native heap
# Possible solutions:
#   Reduce memory load on the system
#   Increase physical memory or swap space
#   Check if swap backing store is full
#   Decrease Java heap size (-Xmx/-Xms)
#   Decrease number of Java threads
#   Decrease Java thread stack sizes (-Xss)
#   Set larger code cache with -XX:ReservedCodeCacheSize=
#   JVM is running with Unscaled Compressed Oops mode in which the Java heap is
#     placed in the first 4GB address space. The Java Heap base address is the
#     maximum limit for the native heap growth. Please use -XX:HeapBaseMinAddress
#     to set the Java Heap base and to place the Java Heap above 4GB virtual address.
# This output file may be truncated or incomplete.
#
#  Out of Memory Error (arena.cpp:189), pid=8148, tid=14204
#
# JRE version: OpenJDK Runtime Environment (17.0.2+8) (build 17.0.2+8-86)
# Java VM: OpenJDK 64-Bit Server VM (17.0.2+8-86, mixed mode, sharing, tiered, compressed oops, compressed class ptrs, g1 gc, windows-amd64)
# No core dump will be written. Minidumps are not enabled by default on client versions of Windows
#

---------------  S U M M A R Y ------------

Command Line: --add-opens=java.base/java.util=ALL-UNNAMED --add-opens=java.base/java.lang=ALL-UNNAMED --add-opens=java.base/java.lang.invoke=ALL-UNNAMED --add-opens=java.base/java.util=ALL-UNNAMED --add-opens=java.prefs/java.util.prefs=ALL-UNNAMED --add-opens=java.prefs/java.util.prefs=ALL-UNNAMED --add-opens=java.base/java.nio.charset=ALL-UNNAMED --add-opens=java.base/java.net=ALL-UNNAMED --add-opens=java.base/java.util.concurrent.atomic=ALL-UNNAMED -XX:MaxMetaspaceSize=256m -XX:+HeapDumpOnOutOfMemoryError -Xms256m -Xmx512m -Dfile.encoding=windows-1251 -Duser.country=RU -Duser.language=ru -Duser.variant org.gradle.launcher.daemon.bootstrap.GradleDaemon 7.3.3

Host: Intel(R) Pentium(R) Gold G6400 CPU @ 4.00GHz, 4 cores, 7G,  Windows 10 , 64 bit Build 19041 (10.0.19041.1466)
Time: Tue Feb  1 11:46:21 2022 RTZ 3 (s 10 , 64 bit Build 19041 (10.0.19041.1466) elapsed time: 61.812466 seconds (0d 0h 1m 1s)

---------------  T H R E A D  ---------------

Current thread (0x0000018a1a15abf0):  JavaThread "C2 CompilerThread0" daemon [_thread_in_native, id=14204, stack(0x0000002518b00000,0x0000002518c00000)]


Current CompileTask:
C2:  61812 6696 %     4       groovyjarjarantlr4.v4.runtime.atn.LexerATNSimulator::getReachableConfigSet @ 9 (198 bytes)

Stack: [0x0000002518b00000,0x0000002518c00000]
Native frames: (J=compiled Java code, j=interpreted, Vv=VM code, C=native code)
V  [jvm.dll+0x670baa]
V  [jvm.dll+0x7cfcb4]
V  [jvm.dll+0x7d145e]
V  [jvm.dll+0x7d1ac3]
V  [jvm.dll+0x242bc5]
V  [jvm.dll+0xaa57b]
V  [jvm.dll+0xaab0c]
V  [jvm.dll+0x2a991f]
V  [jvm.dll+0x5792d9]
V  [jvm.dll+0x21de3d]
V  [jvm.dll+0x21734f]
V  [jvm.dll+0x214fab]
V  [jvm.dll+0x1a1bbd]
V  [jvm.dll+0x224908]
V  [jvm.dll+0x222a6c]
V  [jvm.dll+0x7859bb]
V  [jvm.dll+0x77ff7a]
V  [jvm.dll+0x66fa35]
C  [ucrtbase.dll+0x21bb2]
C  [KERNEL32.DLL+0x17034]
C  [ntdll.dll+0x52651]


---------------  P R O C E S S  ---------------

Threads class SMR info:
_java_thread_list=0x0000018a1f1dfd50, length=38, elements={
0x0000018a7f9e0c20, 0x0000018a1a13d420, 0x0000018a1a13e1a0, 0x0000018a1a157500,
0x0000018a1a158dd0, 0x0000018a1a159690, 0x0000018a1a159f50, 0x0000018a1a15abf0,
0x0000018a1a15b5a0, 0x0000018a1a1c6e00, 0x0000018a1accff90, 0x0000018a1acd2470,
0x0000018a1c8826a0, 0x0000018a1c970b90, 0x0000018a1b752fe0, 0x0000018a1cf90a30,
0x0000018a1c20d340, 0x0000018a1bb89e50, 0x0000018a1bb8a320, 0x0000018a1bb8b660,
0x0000018a1bb88640, 0x0000018a1bb87ca0, 0x0000018a1bb894b0, 0x0000018a1bb88b10,
0x0000018a1bb8acc0, 0x0000018a1bb8a7f0, 0x0000018a1bb8b190, 0x0000018a1bb89980,
0x0000018a1bb88fe0, 0x0000018a1c1d6960, 0x0000018a1c1d8170, 0x0000018a1c1ddce0,
0x0000018a1c1d77d0, 0x0000018a1c1db660, 0x0000018a1c1dd810, 0x0000018a1c1d7ca0,
0x0000018a1c1dc4d0, 0x0000018a1b68c080
}

Java Threads: ( => current thread )
  0x0000018a7f9e0c20 JavaThread "main" [_thread_blocked, id=16324, stack(0x0000002517e00000,0x0000002517f00000)]
  0x0000018a1a13d420 JavaThread "Reference Handler" daemon [_thread_blocked, id=10264, stack(0x0000002518500000,0x0000002518600000)]
  0x0000018a1a13e1a0 JavaThread "Finalizer" daemon [_thread_blocked, id=15116, stack(0x0000002518600000,0x0000002518700000)]
  0x0000018a1a157500 JavaThread "Signal Dispatcher" daemon [_thread_blocked, id=2360, stack(0x0000002518700000,0x0000002518800000)]
  0x0000018a1a158dd0 JavaThread "Attach Listener" daemon [_thread_blocked, id=5768, stack(0x0000002518800000,0x0000002518900000)]
  0x0000018a1a159690 JavaThread "Service Thread" daemon [_thread_blocked, id=15908, stack(0x0000002518900000,0x0000002518a00000)]
  0x0000018a1a159f50 JavaThread "Monitor Deflation Thread" daemon [_thread_blocked, id=13900, stack(0x0000002518a00000,0x0000002518b00000)]
=>0x0000018a1a15abf0 JavaThread "C2 CompilerThread0" daemon [_thread_in_native, id=14204, stack(0x0000002518b00000,0x0000002518c00000)]
  0x0000018a1a15b5a0 JavaThread "C1 CompilerThread0" daemon [_thread_blocked, id=6984, stack(0x0000002518c00000,0x0000002518d00000)]
  0x0000018a1a1c6e00 JavaThread "Sweeper thread" daemon [_thread_blocked, id=17352, stack(0x0000002518d00000,0x0000002518e00000)]
  0x0000018a1accff90 JavaThread "Common-Cleaner" daemon [_thread_blocked, id=12860, stack(0x0000002518e00000,0x0000002518f00000)]
  0x0000018a1acd2470 JavaThread "Notification Thread" daemon [_thread_blocked, id=13680, stack(0x0000002518f00000,0x0000002519000000)]
  0x0000018a1c8826a0 JavaThread "Daemon health stats" [_thread_blocked, id=10792, stack(0x0000002519500000,0x0000002519600000)]
  0x0000018a1c970b90 JavaThread "Incoming local TCP Connector on port 62939" [_thread_in_native, id=15872, stack(0x0000002519600000,0x0000002519700000)]
  0x0000018a1b752fe0 JavaThread "Daemon periodic checks" [_thread_blocked, id=8592, stack(0x0000002519700000,0x0000002519800000)]
  0x0000018a1cf90a30 JavaThread "Daemon" [_thread_blocked, id=14484, stack(0x0000002519800000,0x0000002519900000)]
  0x0000018a1c20d340 JavaThread "Handler for socket connection from /127.0.0.1:62939 to /127.0.0.1:62940" [_thread_in_native, id=5892, stack(0x0000002519900000,0x0000002519a00000)]
  0x0000018a1bb89e50 JavaThread "Cancel handler" [_thread_blocked, id=14944, stack(0x0000002519a00000,0x0000002519b00000)]
  0x0000018a1bb8a320 JavaThread "Daemon worker" [_thread_in_Java, id=12720, stack(0x0000002519b00000,0x0000002519c00000)]
  0x0000018a1bb8b660 JavaThread "Asynchronous log dispatcher for DefaultDaemonConnection: socket connection from /127.0.0.1:62939 to /127.0.0.1:62940" [_thread_blocked, id=15856, stack(0x0000002519c00000,0x0000002519d00000)]
  0x0000018a1bb88640 JavaThread "Stdin handler" [_thread_blocked, id=13664, stack(0x0000002519d00000,0x0000002519e00000)]
  0x0000018a1bb87ca0 JavaThread "Daemon client event forwarder" [_thread_blocked, id=3500, stack(0x0000002519e00000,0x0000002519f00000)]
  0x0000018a1bb894b0 JavaThread "Cache worker for journal cache (C:\Users\lebedev\.gradle\caches\journal-1)" [_thread_blocked, id=15232, stack(0x0000002519f00000,0x000000251a000000)]
  0x0000018a1bb88b10 JavaThread "File lock request listener" [_thread_in_native, id=10168, stack(0x000000251a000000,0x000000251a100000)]
  0x0000018a1bb8acc0 JavaThread "Cache worker for file hash cache (C:\Users\lebedev\.gradle\caches\7.3.3\fileHashes)" [_thread_blocked, id=6712, stack(0x000000251a100000,0x000000251a200000)]
  0x0000018a1bb8a7f0 JavaThread "Cache worker for file hash cache (C:\Users\lebedev\IdeaProjects\LebedevBARS\.gradle\7.3.3\fileHashes)" [_thread_blocked, id=14292, stack(0x000000251a200000,0x000000251a300000)]
  0x0000018a1bb8b190 JavaThread "File watcher server" daemon [_thread_in_native, id=8380, stack(0x0000002519400000,0x0000002519500000)]
  0x0000018a1bb89980 JavaThread "File watcher consumer" daemon [_thread_blocked, id=3312, stack(0x000000251a300000,0x000000251a400000)]
  0x0000018a1bb88fe0 JavaThread "jar transforms" [_thread_blocked, id=14776, stack(0x000000251a400000,0x000000251a500000)]
  0x0000018a1c1d6960 JavaThread "jar transforms Thread 2" [_thread_blocked, id=4784, stack(0x000000251a500000,0x000000251a600000)]
  0x0000018a1c1d8170 JavaThread "jar transforms Thread 3" [_thread_blocked, id=2012, stack(0x000000251a600000,0x000000251a700000)]
  0x0000018a1c1ddce0 JavaThread "jar transforms Thread 4" [_thread_blocked, id=1844, stack(0x000000251a700000,0x000000251a800000)]
  0x0000018a1c1d77d0 JavaThread "Cache worker for checksums cache (C:\Users\lebedev\IdeaProjects\LebedevBARS\.gradle\7.3.3\checksums)" [_thread_blocked, id=15828, stack(0x000000251a900000,0x000000251aa00000)]
  0x0000018a1c1db660 JavaThread "Cache worker for cache directory md-supplier (C:\Users\lebedev\.gradle\caches\7.3.3\md-supplier)" [_thread_blocked, id=6796, stack(0x000000251aa00000,0x000000251ab00000)]
  0x0000018a1c1dd810 JavaThread "Cache worker for cache directory md-rule (C:\Users\lebedev\.gradle\caches\7.3.3\md-rule)" [_thread_blocked, id=16140, stack(0x000000251ab00000,0x000000251ac00000)]
  0x0000018a1c1d7ca0 JavaThread "Cache worker for execution history cache (C:\Users\lebedev\.gradle\caches\7.3.3\executionHistory)" [_thread_blocked, id=14092, stack(0x000000251ac00000,0x000000251ad00000)]
  0x0000018a1c1dc4d0 JavaThread "Cache worker for file content cache (C:\Users\lebedev\.gradle\caches\7.3.3\fileContent)" [_thread_blocked, id=14044, stack(0x000000251ad00000,0x000000251ae00000)]
  0x0000018a1b68c080 JavaThread "C2 CompilerThread1" daemon [_thread_in_native, id=1668, stack(0x0000002517b00000,0x0000002517c00000)]

Other Threads:
  0x0000018a1a139060 VMThread "VM Thread" [stack: 0x0000002518400000,0x0000002518500000] [id=14600]
  0x0000018a1acd4950 WatcherThread [stack: 0x0000002519000000,0x0000002519100000] [id=14136]
  0x0000018a7fa06600 GCTaskThread "GC Thread#0" [stack: 0x0000002517f00000,0x0000002518000000] [id=13652]
  0x0000018a1b399e80 GCTaskThread "GC Thread#1" [stack: 0x0000002519100000,0x0000002519200000] [id=15452]
  0x0000018a1ae4b9b0 GCTaskThread "GC Thread#2" [stack: 0x0000002519200000,0x0000002519300000] [id=15412]
  0x0000018a1afbdfc0 GCTaskThread "GC Thread#3" [stack: 0x0000002519300000,0x0000002519400000] [id=5428]
  0x0000018a7fa0b450 ConcurrentGCThread "G1 Main Marker" [stack: 0x0000002518000000,0x0000002518100000] [id=2744]
  0x0000018a7fa0bd70 ConcurrentGCThread "G1 Conc#0" [stack: 0x0000002518100000,0x0000002518200000] [id=8776]
  0x0000018a7faae300 ConcurrentGCThread "G1 Refine#0" [stack: 0x0000002518200000,0x0000002518300000] [id=15544]
  0x0000018a7faaec30 ConcurrentGCThread "G1 Service" [stack: 0x0000002518300000,0x0000002518400000] [id=4728]

Threads with active compile tasks:
C2 CompilerThread0    61879 6696 %     4       groovyjarjarantlr4.v4.runtime.atn.LexerATNSimulator::getReachableConfigSet @ 9 (198 bytes)
C2 CompilerThread1    61879 6700       4       groovyjarjarantlr4.v4.runtime.atn.LexerATNSimulator::closure (258 bytes)

VM state: not at safepoint (normal execution)

VM Mutex/Monitor currently owned by a thread: None

Heap address: 0x00000000e0000000, size: 512 MB, Compressed Oops mode: 32-bit

CDS archive(s) mapped at: [0x0000000800000000-0x0000000800bc0000-0x0000000800bc0000), size 12320768, SharedBaseAddress: 0x0000000800000000, ArchiveRelocationMode: 0.
Compressed class space mapped at: 0x0000000800c00000-0x000000080dc00000, reserved size: 218103808
Narrow klass base: 0x0000000800000000, Narrow klass shift: 0, Narrow klass range: 0x100000000

GC Precious Log:
 CPUs: 4 total, 4 available
 Memory: 7854M
 Large Page Support: Disabled
 NUMA Support: Disabled
 Compressed Oops: Enabled (32-bit)
 Heap Region Size: 1M
 Heap Min Capacity: 256M
 Heap Initial Capacity: 256M
 Heap Max Capacity: 512M
 Pre-touch: Disabled
 Parallel Workers: 4
 Concurrent Workers: 1
 Concurrent Refinement Workers: 4
 Periodic GC: Disabled

Heap:
 garbage-first heap   total 262144K, used 159709K [0x00000000e0000000, 0x0000000100000000)
  region size 1024K, 57 young (58368K), 6 survivors (6144K)
 Metaspace       used 40722K, committed 41088K, reserved 253952K
  class space    used 5591K, committed 5760K, reserved 212992K

Heap Regions: E=young(eden), S=young(survivor), O=old, HS=humongous(starts), HC=humongous(continues), CS=collection set, F=free, OA=open archive, CA=closed archive, TAMS=top-at-mark-start (previous, next)
|   0|0x00000000e0000000, 0x00000000e0100000, 0x00000000e0100000|100%|HS|  |TAMS 0x00000000e0100000, 0x00000000e0000000| Complete 
|   1|0x00000000e0100000, 0x00000000e0200000, 0x00000000e0200000|100%|HC|  |TAMS 0x00000000e0200000, 0x00000000e0100000| Complete 
|   2|0x00000000e0200000, 0x00000000e0300000, 0x00000000e0300000|100%|HC|  |TAMS 0x00000000e0300000, 0x00000000e0200000| Complete 
|   3|0x00000000e0300000, 0x00000000e0400000, 0x00000000e0400000|100%| O|  |TAMS 0x00000000e0400000, 0x00000000e0300000| Untracked 
|   4|0x00000000e0400000, 0x00000000e0500000, 0x00000000e0500000|100%| O|  |TAMS 0x00000000e0500000, 0x00000000e0400000| Untracked 
|   5|0x00000000e0500000, 0x00000000e0600000, 0x00000000e0600000|100%| O|  |TAMS 0x00000000e0600000, 0x00000000e0500000| Untracked 
|   6|0x00000000e0600000, 0x00000000e0700000, 0x00000000e0700000|100%| O|  |TAMS 0x00000000e0700000, 0x00000000e0600000| Untracked 
|   7|0x00000000e0700000, 0x00000000e0800000, 0x00000000e0800000|100%|HS|  |TAMS 0x00000000e0800000, 0x00000000e0700000| Complete 
|   8|0x00000000e0800000, 0x00000000e0900000, 0x00000000e0900000|100%| O|  |TAMS 0x00000000e0900000, 0x00000000e0800000| Untracked 
|   9|0x00000000e0900000, 0x00000000e0a00000, 0x00000000e0a00000|100%| O|  |TAMS 0x00000000e0a00000, 0x00000000e0900000| Untracked 
|  10|0x00000000e0a00000, 0x00000000e0b00000, 0x00000000e0b00000|100%| O|  |TAMS 0x00000000e0a09c00, 0x00000000e0a00000| Untracked 
|  11|0x00000000e0b00000, 0x00000000e0c00000, 0x00000000e0c00000|100%|HS|  |TAMS 0x00000000e0c00000, 0x00000000e0b00000| Complete 
|  12|0x00000000e0c00000, 0x00000000e0d00000, 0x00000000e0d00000|100%|HC|  |TAMS 0x00000000e0d00000, 0x00000000e0c00000| Complete 
|  13|0x00000000e0d00000, 0x00000000e0e00000, 0x00000000e0e00000|100%|HS|  |TAMS 0x00000000e0e00000, 0x00000000e0d00000| Complete 
|  14|0x00000000e0e00000, 0x00000000e0f00000, 0x00000000e0f00000|100%|HC|  |TAMS 0x00000000e0f00000, 0x00000000e0e00000| Complete 
|  15|0x00000000e0f00000, 0x00000000e1000000, 0x00000000e1000000|100%|HC|  |TAMS 0x00000000e1000000, 0x00000000e0f00000| Complete 
|  16|0x00000000e1000000, 0x00000000e1100000, 0x00000000e1100000|100%|HS|  |TAMS 0x00000000e1100000, 0x00000000e1000000| Complete 
|  17|0x00000000e1100000, 0x00000000e1200000, 0x00000000e1200000|100%|HC|  |TAMS 0x00000000e1200000, 0x00000000e1100000| Complete 
|  18|0x00000000e1200000, 0x00000000e1300000, 0x00000000e1300000|100%|HC|  |TAMS 0x00000000e1300000, 0x00000000e1200000| Complete 
|  19|0x00000000e1300000, 0x00000000e1400000, 0x00000000e1400000|100%|HC|  |TAMS 0x00000000e1400000, 0x00000000e1300000| Complete 
|  20|0x00000000e1400000, 0x00000000e1500000, 0x00000000e1500000|100%|HC|  |TAMS 0x00000000e1500000, 0x00000000e1400000| Complete 
|  21|0x00000000e1500000, 0x00000000e1600000, 0x00000000e1600000|100%|HS|  |TAMS 0x00000000e1600000, 0x00000000e1500000| Complete 
|  22|0x00000000e1600000, 0x00000000e1700000, 0x00000000e1700000|100%|HS|  |TAMS 0x00000000e1700000, 0x00000000e1600000| Complete 
|  23|0x00000000e1700000, 0x00000000e1800000, 0x00000000e1800000|100%|HC|  |TAMS 0x00000000e1800000, 0x00000000e1700000| Complete 
|  24|0x00000000e1800000, 0x00000000e1900000, 0x00000000e1900000|100%|HC|  |TAMS 0x00000000e1900000, 0x00000000e1800000| Complete 
|  25|0x00000000e1900000, 0x00000000e1a00000, 0x00000000e1a00000|100%|HS|  |TAMS 0x00000000e1a00000, 0x00000000e1900000| Complete 
|  26|0x00000000e1a00000, 0x00000000e1b00000, 0x00000000e1b00000|100%|HC|  |TAMS 0x00000000e1b00000, 0x00000000e1a00000| Complete 
|  27|0x00000000e1b00000, 0x00000000e1c00000, 0x00000000e1c00000|100%|HC|  |TAMS 0x00000000e1c00000, 0x00000000e1b00000| Complete 
|  28|0x00000000e1c00000, 0x00000000e1d00000, 0x00000000e1d00000|100%|HC|  |TAMS 0x00000000e1d00000, 0x00000000e1c00000| Complete 
|  29|0x00000000e1d00000, 0x00000000e1e00000, 0x00000000e1e00000|100%| O|  |TAMS 0x00000000e1d00000, 0x00000000e1d00000| Untracked 
|  30|0x00000000e1e00000, 0x00000000e1f00000, 0x00000000e1f00000|100%| O|  |TAMS 0x00000000e1e00000, 0x00000000e1e00000| Untracked 
|  31|0x00000000e1f00000, 0x00000000e2000000, 0x00000000e2000000|100%| O|  |TAMS 0x00000000e1f00000, 0x00000000e1f00000| Untracked 
|  32|0x00000000e2000000, 0x00000000e2100000, 0x00000000e2100000|100%| O|  |TAMS 0x00000000e2000000, 0x00000000e2000000| Untracked 
|  33|0x00000000e2100000, 0x00000000e2200000, 0x00000000e2200000|100%| O|  |TAMS 0x00000000e2100000, 0x00000000e2100000| Untracked 
|  34|0x00000000e2200000, 0x00000000e2300000, 0x00000000e2300000|100%| O|  |TAMS 0x00000000e2200000, 0x00000000e2200000| Untracked 
|  35|0x00000000e2300000, 0x00000000e2400000, 0x00000000e2400000|100%| O|  |TAMS 0x00000000e2300000, 0x00000000e2300000| Untracked 
|  36|0x00000000e2400000, 0x00000000e2500000, 0x00000000e2500000|100%| O|  |TAMS 0x00000000e2400000, 0x00000000e2400000| Untracked 
|  37|0x00000000e2500000, 0x00000000e2600000, 0x00000000e2600000|100%| O|  |TAMS 0x00000000e2500000, 0x00000000e2500000| Untracked 
|  38|0x00000000e2600000, 0x00000000e2700000, 0x00000000e2700000|100%| O|  |TAMS 0x00000000e2600000, 0x00000000e2600000| Untracked 
|  39|0x00000000e2700000, 0x00000000e2800000, 0x00000000e2800000|100%| O|  |TAMS 0x00000000e2700000, 0x00000000e2700000| Untracked 
|  40|0x00000000e2800000, 0x00000000e2900000, 0x00000000e2900000|100%| O|  |TAMS 0x00000000e2800000, 0x00000000e2800000| Untracked 
|  41|0x00000000e2900000, 0x00000000e2a00000, 0x00000000e2a00000|100%|HS|  |TAMS 0x00000000e2900000, 0x00000000e2900000| Complete 
|  42|0x00000000e2a00000, 0x00000000e2b00000, 0x00000000e2b00000|100%|HC|  |TAMS 0x00000000e2a00000, 0x00000000e2a00000| Complete 
|  43|0x00000000e2b00000, 0x00000000e2c00000, 0x00000000e2c00000|100%|HC|  |TAMS 0x00000000e2b00000, 0x00000000e2b00000| Complete 
|  44|0x00000000e2c00000, 0x00000000e2d00000, 0x00000000e2d00000|100%|HC|  |TAMS 0x00000000e2c00000, 0x00000000e2c00000| Complete 
|  45|0x00000000e2d00000, 0x00000000e2e00000, 0x00000000e2e00000|100%|HC|  |TAMS 0x00000000e2d00000, 0x00000000e2d00000| Complete 
|  46|0x00000000e2e00000, 0x00000000e2f00000, 0x00000000e2f00000|100%| O|  |TAMS 0x00000000e2e00000, 0x00000000e2e00000| Untracked 
|  47|0x00000000e2f00000, 0x00000000e3000000, 0x00000000e3000000|100%| O|  |TAMS 0x00000000e2f00000, 0x00000000e2f00000| Untracked 
|  48|0x00000000e3000000, 0x00000000e3100000, 0x00000000e3100000|100%| O|  |TAMS 0x00000000e3000000, 0x00000000e3000000| Untracked 
|  49|0x00000000e3100000, 0x00000000e3200000, 0x00000000e3200000|100%| O|  |TAMS 0x00000000e3100000, 0x00000000e3100000| Untracked 
|  50|0x00000000e3200000, 0x00000000e3300000, 0x00000000e3300000|100%| O|  |TAMS 0x00000000e3200000, 0x00000000e3200000| Untracked 
|  51|0x00000000e3300000, 0x00000000e3400000, 0x00000000e3400000|100%| O|  |TAMS 0x00000000e3300000, 0x00000000e3300000| Untracked 
|  52|0x00000000e3400000, 0x00000000e3500000, 0x00000000e3500000|100%| O|  |TAMS 0x00000000e3400000, 0x00000000e3400000| Untracked 
|  53|0x00000000e3500000, 0x00000000e3600000, 0x00000000e3600000|100%| O|  |TAMS 0x00000000e3500000, 0x00000000e3500000| Untracked 
|  54|0x00000000e3600000, 0x00000000e3700000, 0x00000000e3700000|100%| O|  |TAMS 0x00000000e3600000, 0x00000000e3600000| Untracked 
|  55|0x00000000e3700000, 0x00000000e3800000, 0x00000000e3800000|100%| O|  |TAMS 0x00000000e3700000, 0x00000000e3700000| Untracked 
|  56|0x00000000e3800000, 0x00000000e3900000, 0x00000000e3900000|100%| O|  |TAMS 0x00000000e3800000, 0x00000000e3800000| Untracked 
|  57|0x00000000e3900000, 0x00000000e3a00000, 0x00000000e3a00000|100%| O|  |TAMS 0x00000000e3900000, 0x00000000e3900000| Untracked 
|  58|0x00000000e3a00000, 0x00000000e3b00000, 0x00000000e3b00000|100%| O|  |TAMS 0x00000000e3a00000, 0x00000000e3a00000| Untracked 
|  59|0x00000000e3b00000, 0x00000000e3c00000, 0x00000000e3c00000|100%| O|  |TAMS 0x00000000e3b00000, 0x00000000e3b00000| Untracked 
|  60|0x00000000e3c00000, 0x00000000e3d00000, 0x00000000e3d00000|100%| O|  |TAMS 0x00000000e3c00000, 0x00000000e3c00000| Untracked 
|  61|0x00000000e3d00000, 0x00000000e3e00000, 0x00000000e3e00000|100%| O|  |TAMS 0x00000000e3d00000, 0x00000000e3d00000| Untracked 
|  62|0x00000000e3e00000, 0x00000000e3f00000, 0x00000000e3f00000|100%| O|  |TAMS 0x00000000e3e00000, 0x00000000e3e00000| Untracked 
|  63|0x00000000e3f00000, 0x00000000e4000000, 0x00000000e4000000|100%| O|  |TAMS 0x00000000e3f00000, 0x00000000e3f00000| Untracked 
|  64|0x00000000e4000000, 0x00000000e4100000, 0x00000000e4100000|100%| O|  |TAMS 0x00000000e4000000, 0x00000000e4000000| Untracked 
|  65|0x00000000e4100000, 0x00000000e4200000, 0x00000000e4200000|100%| O|  |TAMS 0x00000000e4100000, 0x00000000e4100000| Untracked 
|  66|0x00000000e4200000, 0x00000000e4300000, 0x00000000e4300000|100%| O|  |TAMS 0x00000000e4200000, 0x00000000e4200000| Untracked 
|  67|0x00000000e4300000, 0x00000000e43c1800, 0x00000000e4400000| 75%| O|  |TAMS 0x00000000e4300000, 0x00000000e4300000| Untracked 
|  68|0x00000000e4400000, 0x00000000e4500000, 0x00000000e4500000|100%| O|  |TAMS 0x00000000e4400000, 0x00000000e4400000| Untracked 
|  69|0x00000000e4500000, 0x00000000e4600000, 0x00000000e4600000|100%|HS|  |TAMS 0x00000000e4500000, 0x00000000e4500000| Complete 
|  70|0x00000000e4600000, 0x00000000e4700000, 0x00000000e4700000|100%|HC|  |TAMS 0x00000000e4600000, 0x00000000e4600000| Complete 
|  71|0x00000000e4700000, 0x00000000e4800000, 0x00000000e4800000|100%|HC|  |TAMS 0x00000000e4700000, 0x00000000e4700000| Complete 
|  72|0x00000000e4800000, 0x00000000e4800000, 0x00000000e4900000|  0%| F|  |TAMS 0x00000000e4800000, 0x00000000e4800000| Untracked 
|  73|0x00000000e4900000, 0x00000000e4a00000, 0x00000000e4a00000|100%| O|  |TAMS 0x00000000e4900000, 0x00000000e4900000| Untracked 
|  74|0x00000000e4a00000, 0x00000000e4b00000, 0x00000000e4b00000|100%| O|  |TAMS 0x00000000e4a00000, 0x00000000e4a00000| Untracked 
|  75|0x00000000e4b00000, 0x00000000e4c00000, 0x00000000e4c00000|100%| O|  |TAMS 0x00000000e4b00000, 0x00000000e4b00000| Untracked 
|  76|0x00000000e4c00000, 0x00000000e4d00000, 0x00000000e4d00000|100%| O|  |TAMS 0x00000000e4c00000, 0x00000000e4c00000| Untracked 
|  77|0x00000000e4d00000, 0x00000000e4e00000, 0x00000000e4e00000|100%| O|  |TAMS 0x00000000e4d00000, 0x00000000e4d00000| Untracked 
|  78|0x00000000e4e00000, 0x00000000e4f00000, 0x00000000e4f00000|100%| O|  |TAMS 0x00000000e4e00000, 0x00000000e4e00000| Untracked 
|  79|0x00000000e4f00000, 0x00000000e5000000, 0x00000000e5000000|100%| O|  |TAMS 0x00000000e4f00000, 0x00000000e4f00000| Untracked 
|  80|0x00000000e5000000, 0x00000000e5100000, 0x00000000e5100000|100%| O|  |TAMS 0x00000000e5000000, 0x00000000e5000000| Untracked 
|  81|0x00000000e5100000, 0x00000000e5200000, 0x00000000e5200000|100%| O|  |TAMS 0x00000000e5100000, 0x00000000e5100000| Untracked 
|  82|0x00000000e5200000, 0x00000000e5300000, 0x00000000e5300000|100%| O|  |TAMS 0x00000000e5200000, 0x00000000e5200000| Untracked 
|  83|0x00000000e5300000, 0x00000000e5400000, 0x00000000e5400000|100%| O|  |TAMS 0x00000000e5300000, 0x00000000e5300000| Untracked 
|  84|0x00000000e5400000, 0x00000000e5500000, 0x00000000e5500000|100%| O|  |TAMS 0x00000000e5400000, 0x00000000e5400000| Untracked 
|  85|0x00000000e5500000, 0x00000000e5600000, 0x00000000e5600000|100%| O|  |TAMS 0x00000000e5500000, 0x00000000e5500000| Untracked 
|  86|0x00000000e5600000, 0x00000000e5700000, 0x00000000e5700000|100%| O|  |TAMS 0x00000000e5600000, 0x00000000e5600000| Untracked 
|  87|0x00000000e5700000, 0x00000000e5800000, 0x00000000e5800000|100%|HS|  |TAMS 0x00000000e5700000, 0x00000000e5700000| Complete 
|  88|0x00000000e5800000, 0x00000000e5900000, 0x00000000e5900000|100%|HC|  |TAMS 0x00000000e5800000, 0x00000000e5800000| Complete 
|  89|0x00000000e5900000, 0x00000000e5a00000, 0x00000000e5a00000|100%|HS|  |TAMS 0x00000000e5900000, 0x00000000e5900000| Complete 
|  90|0x00000000e5a00000, 0x00000000e5b00000, 0x00000000e5b00000|100%|HC|  |TAMS 0x00000000e5a00000, 0x00000000e5a00000| Complete 
|  91|0x00000000e5b00000, 0x00000000e5c00000, 0x00000000e5c00000|100%|HC|  |TAMS 0x00000000e5b00000, 0x00000000e5b00000| Complete 
|  92|0x00000000e5c00000, 0x00000000e5d00000, 0x00000000e5d00000|100%|HS|  |TAMS 0x00000000e5c00000, 0x00000000e5c00000| Complete 
|  93|0x00000000e5d00000, 0x00000000e5e00000, 0x00000000e5e00000|100%|HC|  |TAMS 0x00000000e5d00000, 0x00000000e5d00000| Complete 
|  94|0x00000000e5e00000, 0x00000000e5f00000, 0x00000000e5f00000|100%|HC|  |TAMS 0x00000000e5e00000, 0x00000000e5e00000| Complete 
|  95|0x00000000e5f00000, 0x00000000e6000000, 0x00000000e6000000|100%|HC|  |TAMS 0x00000000e5f00000, 0x00000000e5f00000| Complete 
|  96|0x00000000e6000000, 0x00000000e6100000, 0x00000000e6100000|100%|HC|  |TAMS 0x00000000e6000000, 0x00000000e6000000| Complete 
|  97|0x00000000e6100000, 0x00000000e6200000, 0x00000000e6200000|100%| O|  |TAMS 0x00000000e6100000, 0x00000000e6100000| Untracked 
|  98|0x00000000e6200000, 0x00000000e6300000, 0x00000000e6300000|100%| O|  |TAMS 0x00000000e6200000, 0x00000000e6200000| Untracked 
|  99|0x00000000e6300000, 0x00000000e6400000, 0x00000000e6400000|100%|HS|  |TAMS 0x00000000e6300000, 0x00000000e6300000| Complete 
| 100|0x00000000e6400000, 0x00000000e6500000, 0x00000000e6500000|100%|HC|  |TAMS 0x00000000e6400000, 0x00000000e6400000| Complete 
| 101|0x00000000e6500000, 0x00000000e6600000, 0x00000000e6600000|100%|HC|  |TAMS 0x00000000e6500000, 0x00000000e6500000| Complete 
| 102|0x00000000e6600000, 0x00000000e6600000, 0x00000000e6700000|  0%| F|  |TAMS 0x00000000e6600000, 0x00000000e6600000| Untracked 
| 103|0x00000000e6700000, 0x00000000e6700000, 0x00000000e6800000|  0%| F|  |TAMS 0x00000000e6700000, 0x00000000e6700000| Untracked 
| 104|0x00000000e6800000, 0x00000000e6800000, 0x00000000e6900000|  0%| F|  |TAMS 0x00000000e6800000, 0x00000000e6800000| Untracked 
| 105|0x00000000e6900000, 0x00000000e6900000, 0x00000000e6a00000|  0%| F|  |TAMS 0x00000000e6900000, 0x00000000e6900000| Untracked 
| 106|0x00000000e6a00000, 0x00000000e6a00000, 0x00000000e6b00000|  0%| F|  |TAMS 0x00000000e6a00000, 0x00000000e6a00000| Untracked 
| 107|0x00000000e6b00000, 0x00000000e6b00000, 0x00000000e6c00000|  0%| F|  |TAMS 0x00000000e6b00000, 0x00000000e6b00000| Untracked 
| 108|0x00000000e6c00000, 0x00000000e6c00000, 0x00000000e6d00000|  0%| F|  |TAMS 0x00000000e6c00000, 0x00000000e6c00000| Untracked 
| 109|0x00000000e6d00000, 0x00000000e6d00000, 0x00000000e6e00000|  0%| F|  |TAMS 0x00000000e6d00000, 0x00000000e6d00000| Untracked 
| 110|0x00000000e6e00000, 0x00000000e6e00000, 0x00000000e6f00000|  0%| F|  |TAMS 0x00000000e6e00000, 0x00000000e6e00000| Untracked 
| 111|0x00000000e6f00000, 0x00000000e6f00000, 0x00000000e7000000|  0%| F|  |TAMS 0x00000000e6f00000, 0x00000000e6f00000| Untracked 
| 112|0x00000000e7000000, 0x00000000e7000000, 0x00000000e7100000|  0%| F|  |TAMS 0x00000000e7000000, 0x00000000e7000000| Untracked 
| 113|0x00000000e7100000, 0x00000000e7100000, 0x00000000e7200000|  0%| F|  |TAMS 0x00000000e7100000, 0x00000000e7100000| Untracked 
| 114|0x00000000e7200000, 0x00000000e7235e50, 0x00000000e7300000| 21%| S|CS|TAMS 0x00000000e7200000, 0x00000000e7200000| Complete 
| 115|0x00000000e7300000, 0x00000000e7400000, 0x00000000e7400000|100%| S|CS|TAMS 0x00000000e7300000, 0x00000000e7300000| Complete 
| 116|0x00000000e7400000, 0x00000000e7500000, 0x00000000e7500000|100%| S|CS|TAMS 0x00000000e7400000, 0x00000000e7400000| Complete 
| 117|0x00000000e7500000, 0x00000000e7600000, 0x00000000e7600000|100%| S|CS|TAMS 0x00000000e7500000, 0x00000000e7500000| Complete 
| 118|0x00000000e7600000, 0x00000000e7700000, 0x00000000e7700000|100%| S|CS|TAMS 0x00000000e7600000, 0x00000000e7600000| Complete 
| 119|0x00000000e7700000, 0x00000000e7800000, 0x00000000e7800000|100%| S|CS|TAMS 0x00000000e7700000, 0x00000000e7700000| Complete 
| 120|0x00000000e7800000, 0x00000000e7800000, 0x00000000e7900000|  0%| F|  |TAMS 0x00000000e7800000, 0x00000000e7800000| Untracked 
| 121|0x00000000e7900000, 0x00000000e7900000, 0x00000000e7a00000|  0%| F|  |TAMS 0x00000000e7900000, 0x00000000e7900000| Untracked 
| 122|0x00000000e7a00000, 0x00000000e7a00000, 0x00000000e7b00000|  0%| F|  |TAMS 0x00000000e7a00000, 0x00000000e7a00000| Untracked 
| 123|0x00000000e7b00000, 0x00000000e7b00000, 0x00000000e7c00000|  0%| F|  |TAMS 0x00000000e7b00000, 0x00000000e7b00000| Untracked 
| 124|0x00000000e7c00000, 0x00000000e7c00000, 0x00000000e7d00000|  0%| F|  |TAMS 0x00000000e7c00000, 0x00000000e7c00000| Untracked 
| 125|0x00000000e7d00000, 0x00000000e7d00000, 0x00000000e7e00000|  0%| F|  |TAMS 0x00000000e7d00000, 0x00000000e7d00000| Untracked 
| 126|0x00000000e7e00000, 0x00000000e7e00000, 0x00000000e7f00000|  0%| F|  |TAMS 0x00000000e7e00000, 0x00000000e7e00000| Untracked 
| 127|0x00000000e7f00000, 0x00000000e7f00000, 0x00000000e8000000|  0%| F|  |TAMS 0x00000000e7f00000, 0x00000000e7f00000| Untracked 
| 128|0x00000000e8000000, 0x00000000e8000000, 0x00000000e8100000|  0%| F|  |TAMS 0x00000000e8000000, 0x00000000e8000000| Untracked 
| 129|0x00000000e8100000, 0x00000000e8100000, 0x00000000e8200000|  0%| F|  |TAMS 0x00000000e8100000, 0x00000000e8100000| Untracked 
| 130|0x00000000e8200000, 0x00000000e8200000, 0x00000000e8300000|  0%| F|  |TAMS 0x00000000e8200000, 0x00000000e8200000| Untracked 
| 131|0x00000000e8300000, 0x00000000e8300000, 0x00000000e8400000|  0%| F|  |TAMS 0x00000000e8300000, 0x00000000e8300000| Untracked 
| 132|0x00000000e8400000, 0x00000000e8400000, 0x00000000e8500000|  0%| F|  |TAMS 0x00000000e8400000, 0x00000000e8400000| Untracked 
| 133|0x00000000e8500000, 0x00000000e8500000, 0x00000000e8600000|  0%| F|  |TAMS 0x00000000e8500000, 0x00000000e8500000| Untracked 
| 134|0x00000000e8600000, 0x00000000e8600000, 0x00000000e8700000|  0%| F|  |TAMS 0x00000000e8600000, 0x00000000e8600000| Untracked 
| 135|0x00000000e8700000, 0x00000000e8700000, 0x00000000e8800000|  0%| F|  |TAMS 0x00000000e8700000, 0x00000000e8700000| Untracked 
| 136|0x00000000e8800000, 0x00000000e8800000, 0x00000000e8900000|  0%| F|  |TAMS 0x00000000e8800000, 0x00000000e8800000| Untracked 
| 137|0x00000000e8900000, 0x00000000e8900000, 0x00000000e8a00000|  0%| F|  |TAMS 0x00000000e8900000, 0x00000000e8900000| Untracked 
| 138|0x00000000e8a00000, 0x00000000e8a00000, 0x00000000e8b00000|  0%| F|  |TAMS 0x00000000e8a00000, 0x00000000e8a00000| Untracked 
| 139|0x00000000e8b00000, 0x00000000e8b00000, 0x00000000e8c00000|  0%| F|  |TAMS 0x00000000e8b00000, 0x00000000e8b00000| Untracked 
| 140|0x00000000e8c00000, 0x00000000e8c00000, 0x00000000e8d00000|  0%| F|  |TAMS 0x00000000e8c00000, 0x00000000e8c00000| Untracked 
| 141|0x00000000e8d00000, 0x00000000e8d00000, 0x00000000e8e00000|  0%| F|  |TAMS 0x00000000e8d00000, 0x00000000e8d00000| Untracked 
| 142|0x00000000e8e00000, 0x00000000e8e00000, 0x00000000e8f00000|  0%| F|  |TAMS 0x00000000e8e00000, 0x00000000e8e00000| Untracked 
| 143|0x00000000e8f00000, 0x00000000e8f00000, 0x00000000e9000000|  0%| F|  |TAMS 0x00000000e8f00000, 0x00000000e8f00000| Untracked 
| 144|0x00000000e9000000, 0x00000000e9000000, 0x00000000e9100000|  0%| F|  |TAMS 0x00000000e9000000, 0x00000000e9000000| Untracked 
| 145|0x00000000e9100000, 0x00000000e9100000, 0x00000000e9200000|  0%| F|  |TAMS 0x00000000e9100000, 0x00000000e9100000| Untracked 
| 146|0x00000000e9200000, 0x00000000e9200000, 0x00000000e9300000|  0%| F|  |TAMS 0x00000000e9200000, 0x00000000e9200000| Untracked 
| 147|0x00000000e9300000, 0x00000000e9300000, 0x00000000e9400000|  0%| F|  |TAMS 0x00000000e9300000, 0x00000000e9300000| Untracked 
| 148|0x00000000e9400000, 0x00000000e9400000, 0x00000000e9500000|  0%| F|  |TAMS 0x00000000e9400000, 0x00000000e9400000| Untracked 
| 149|0x00000000e9500000, 0x00000000e9500000, 0x00000000e9600000|  0%| F|  |TAMS 0x00000000e9500000, 0x00000000e9500000| Untracked 
| 150|0x00000000e9600000, 0x00000000e9600000, 0x00000000e9700000|  0%| F|  |TAMS 0x00000000e9600000, 0x00000000e9600000| Untracked 
| 151|0x00000000e9700000, 0x00000000e9700000, 0x00000000e9800000|  0%| F|  |TAMS 0x00000000e9700000, 0x00000000e9700000| Untracked 
| 152|0x00000000e9800000, 0x00000000e9800000, 0x00000000e9900000|  0%| F|  |TAMS 0x00000000e9800000, 0x00000000e9800000| Untracked 
| 153|0x00000000e9900000, 0x00000000e9900000, 0x00000000e9a00000|  0%| F|  |TAMS 0x00000000e9900000, 0x00000000e9900000| Untracked 
| 154|0x00000000e9a00000, 0x00000000e9a00000, 0x00000000e9b00000|  0%| F|  |TAMS 0x00000000e9a00000, 0x00000000e9a00000| Untracked 
| 155|0x00000000e9b00000, 0x00000000e9b00000, 0x00000000e9c00000|  0%| F|  |TAMS 0x00000000e9b00000, 0x00000000e9b00000| Untracked 
| 156|0x00000000e9c00000, 0x00000000e9c00000, 0x00000000e9d00000|  0%| F|  |TAMS 0x00000000e9c00000, 0x00000000e9c00000| Untracked 
| 157|0x00000000e9d00000, 0x00000000e9d00000, 0x00000000e9e00000|  0%| F|  |TAMS 0x00000000e9d00000, 0x00000000e9d00000| Untracked 
| 158|0x00000000e9e00000, 0x00000000e9e00000, 0x00000000e9f00000|  0%| F|  |TAMS 0x00000000e9e00000, 0x00000000e9e00000| Untracked 
| 159|0x00000000e9f00000, 0x00000000e9f00000, 0x00000000ea000000|  0%| F|  |TAMS 0x00000000e9f00000, 0x00000000e9f00000| Untracked 
| 160|0x00000000ea000000, 0x00000000ea000000, 0x00000000ea100000|  0%| F|  |TAMS 0x00000000ea000000, 0x00000000ea000000| Untracked 
| 161|0x00000000ea100000, 0x00000000ea100000, 0x00000000ea200000|  0%| F|  |TAMS 0x00000000ea100000, 0x00000000ea100000| Untracked 
| 162|0x00000000ea200000, 0x00000000ea200000, 0x00000000ea300000|  0%| F|  |TAMS 0x00000000ea200000, 0x00000000ea200000| Untracked 
| 163|0x00000000ea300000, 0x00000000ea300000, 0x00000000ea400000|  0%| F|  |TAMS 0x00000000ea300000, 0x00000000ea300000| Untracked 
| 164|0x00000000ea400000, 0x00000000ea400000, 0x00000000ea500000|  0%| F|  |TAMS 0x00000000ea400000, 0x00000000ea400000| Untracked 
| 165|0x00000000ea500000, 0x00000000ea500000, 0x00000000ea600000|  0%| F|  |TAMS 0x00000000ea500000, 0x00000000ea500000| Untracked 
| 166|0x00000000ea600000, 0x00000000ea600000, 0x00000000ea700000|  0%| F|  |TAMS 0x00000000ea600000, 0x00000000ea600000| Untracked 
| 167|0x00000000ea700000, 0x00000000ea700000, 0x00000000ea800000|  0%| F|  |TAMS 0x00000000ea700000, 0x00000000ea700000| Untracked 
| 168|0x00000000ea800000, 0x00000000ea800000, 0x00000000ea900000|  0%| F|  |TAMS 0x00000000ea800000, 0x00000000ea800000| Untracked 
| 169|0x00000000ea900000, 0x00000000ea900000, 0x00000000eaa00000|  0%| F|  |TAMS 0x00000000ea900000, 0x00000000ea900000| Untracked 
| 170|0x00000000eaa00000, 0x00000000eaa00000, 0x00000000eab00000|  0%| F|  |TAMS 0x00000000eaa00000, 0x00000000eaa00000| Untracked 
| 171|0x00000000eab00000, 0x00000000eab00000, 0x00000000eac00000|  0%| F|  |TAMS 0x00000000eab00000, 0x00000000eab00000| Untracked 
| 172|0x00000000eac00000, 0x00000000eac00000, 0x00000000ead00000|  0%| F|  |TAMS 0x00000000eac00000, 0x00000000eac00000| Untracked 
| 173|0x00000000ead00000, 0x00000000ead00000, 0x00000000eae00000|  0%| F|  |TAMS 0x00000000ead00000, 0x00000000ead00000| Untracked 
| 174|0x00000000eae00000, 0x00000000eae00000, 0x00000000eaf00000|  0%| F|  |TAMS 0x00000000eae00000, 0x00000000eae00000| Untracked 
| 175|0x00000000eaf00000, 0x00000000eaf00000, 0x00000000eb000000|  0%| F|  |TAMS 0x00000000eaf00000, 0x00000000eaf00000| Untracked 
| 176|0x00000000eb000000, 0x00000000eb000000, 0x00000000eb100000|  0%| F|  |TAMS 0x00000000eb000000, 0x00000000eb000000| Untracked 
| 177|0x00000000eb100000, 0x00000000eb100000, 0x00000000eb200000|  0%| F|  |TAMS 0x00000000eb100000, 0x00000000eb100000| Untracked 
| 178|0x00000000eb200000, 0x00000000eb200000, 0x00000000eb300000|  0%| F|  |TAMS 0x00000000eb200000, 0x00000000eb200000| Untracked 
| 179|0x00000000eb300000, 0x00000000eb300000, 0x00000000eb400000|  0%| F|  |TAMS 0x00000000eb300000, 0x00000000eb300000| Untracked 
| 180|0x00000000eb400000, 0x00000000eb400000, 0x00000000eb500000|  0%| F|  |TAMS 0x00000000eb400000, 0x00000000eb400000| Untracked 
| 181|0x00000000eb500000, 0x00000000eb500000, 0x00000000eb600000|  0%| F|  |TAMS 0x00000000eb500000, 0x00000000eb500000| Untracked 
| 182|0x00000000eb600000, 0x00000000eb600000, 0x00000000eb700000|  0%| F|  |TAMS 0x00000000eb600000, 0x00000000eb600000| Untracked 
| 183|0x00000000eb700000, 0x00000000eb700000, 0x00000000eb800000|  0%| F|  |TAMS 0x00000000eb700000, 0x00000000eb700000| Untracked 
| 184|0x00000000eb800000, 0x00000000eb800000, 0x00000000eb900000|  0%| F|  |TAMS 0x00000000eb800000, 0x00000000eb800000| Untracked 
| 185|0x00000000eb900000, 0x00000000eb900000, 0x00000000eba00000|  0%| F|  |TAMS 0x00000000eb900000, 0x00000000eb900000| Untracked 
| 186|0x00000000eba00000, 0x00000000eba00000, 0x00000000ebb00000|  0%| F|  |TAMS 0x00000000eba00000, 0x00000000eba00000| Untracked 
| 187|0x00000000ebb00000, 0x00000000ebb00000, 0x00000000ebc00000|  0%| F|  |TAMS 0x00000000ebb00000, 0x00000000ebb00000| Untracked 
| 188|0x00000000ebc00000, 0x00000000ebc00000, 0x00000000ebd00000|  0%| F|  |TAMS 0x00000000ebc00000, 0x00000000ebc00000| Untracked 
| 189|0x00000000ebd00000, 0x00000000ebd00000, 0x00000000ebe00000|  0%| F|  |TAMS 0x00000000ebd00000, 0x00000000ebd00000| Untracked 
| 190|0x00000000ebe00000, 0x00000000ebe00000, 0x00000000ebf00000|  0%| F|  |TAMS 0x00000000ebe00000, 0x00000000ebe00000| Untracked 
| 191|0x00000000ebf00000, 0x00000000ebf00000, 0x00000000ec000000|  0%| F|  |TAMS 0x00000000ebf00000, 0x00000000ebf00000| Untracked 
| 192|0x00000000ec000000, 0x00000000ec000000, 0x00000000ec100000|  0%| F|  |TAMS 0x00000000ec000000, 0x00000000ec000000| Untracked 
| 193|0x00000000ec100000, 0x00000000ec100000, 0x00000000ec200000|  0%| F|  |TAMS 0x00000000ec100000, 0x00000000ec100000| Untracked 
| 194|0x00000000ec200000, 0x00000000ec200000, 0x00000000ec300000|  0%| F|  |TAMS 0x00000000ec200000, 0x00000000ec200000| Untracked 
| 195|0x00000000ec300000, 0x00000000ec300000, 0x00000000ec400000|  0%| F|  |TAMS 0x00000000ec300000, 0x00000000ec300000| Untracked 
| 196|0x00000000ec400000, 0x00000000ec400000, 0x00000000ec500000|  0%| F|  |TAMS 0x00000000ec400000, 0x00000000ec400000| Untracked 
| 197|0x00000000ec500000, 0x00000000ec500000, 0x00000000ec600000|  0%| F|  |TAMS 0x00000000ec500000, 0x00000000ec500000| Untracked 
| 198|0x00000000ec600000, 0x00000000ec600000, 0x00000000ec700000|  0%| F|  |TAMS 0x00000000ec600000, 0x00000000ec600000| Untracked 
| 199|0x00000000ec700000, 0x00000000ec700000, 0x00000000ec800000|  0%| F|  |TAMS 0x00000000ec700000, 0x00000000ec700000| Untracked 
| 200|0x00000000ec800000, 0x00000000ec800000, 0x00000000ec900000|  0%| F|  |TAMS 0x00000000ec800000, 0x00000000ec800000| Untracked 
| 201|0x00000000ec900000, 0x00000000ec900000, 0x00000000eca00000|  0%| F|  |TAMS 0x00000000ec900000, 0x00000000ec900000| Untracked 
| 202|0x00000000eca00000, 0x00000000eca80800, 0x00000000ecb00000| 50%| E|  |TAMS 0x00000000eca00000, 0x00000000eca00000| Complete 
| 203|0x00000000ecb00000, 0x00000000ecc00000, 0x00000000ecc00000|100%| E|CS|TAMS 0x00000000ecb00000, 0x00000000ecb00000| Complete 
| 204|0x00000000ecc00000, 0x00000000ecd00000, 0x00000000ecd00000|100%| E|CS|TAMS 0x00000000ecc00000, 0x00000000ecc00000| Complete 
| 205|0x00000000ecd00000, 0x00000000ece00000, 0x00000000ece00000|100%| E|CS|TAMS 0x00000000ecd00000, 0x00000000ecd00000| Complete 
| 206|0x00000000ece00000, 0x00000000ecf00000, 0x00000000ecf00000|100%| E|CS|TAMS 0x00000000ece00000, 0x00000000ece00000| Complete 
| 207|0x00000000ecf00000, 0x00000000ed000000, 0x00000000ed000000|100%| E|CS|TAMS 0x00000000ecf00000, 0x00000000ecf00000| Complete 
| 208|0x00000000ed000000, 0x00000000ed100000, 0x00000000ed100000|100%| E|CS|TAMS 0x00000000ed000000, 0x00000000ed000000| Complete 
| 209|0x00000000ed100000, 0x00000000ed200000, 0x00000000ed200000|100%| E|CS|TAMS 0x00000000ed100000, 0x00000000ed100000| Complete 
| 210|0x00000000ed200000, 0x00000000ed300000, 0x00000000ed300000|100%| E|CS|TAMS 0x00000000ed200000, 0x00000000ed200000| Complete 
| 211|0x00000000ed300000, 0x00000000ed400000, 0x00000000ed400000|100%| E|CS|TAMS 0x00000000ed300000, 0x00000000ed300000| Complete 
| 212|0x00000000ed400000, 0x00000000ed500000, 0x00000000ed500000|100%| E|CS|TAMS 0x00000000ed400000, 0x00000000ed400000| Complete 
| 213|0x00000000ed500000, 0x00000000ed600000, 0x00000000ed600000|100%| E|CS|TAMS 0x00000000ed500000, 0x00000000ed500000| Complete 
| 214|0x00000000ed600000, 0x00000000ed700000, 0x00000000ed700000|100%| E|CS|TAMS 0x00000000ed600000, 0x00000000ed600000| Complete 
| 215|0x00000000ed700000, 0x00000000ed800000, 0x00000000ed800000|100%| E|CS|TAMS 0x00000000ed700000, 0x00000000ed700000| Complete 
| 216|0x00000000ed800000, 0x00000000ed900000, 0x00000000ed900000|100%| E|CS|TAMS 0x00000000ed800000, 0x00000000ed800000| Complete 
| 217|0x00000000ed900000, 0x00000000eda00000, 0x00000000eda00000|100%| E|CS|TAMS 0x00000000ed900000, 0x00000000ed900000| Complete 
| 218|0x00000000eda00000, 0x00000000edb00000, 0x00000000edb00000|100%| E|CS|TAMS 0x00000000eda00000, 0x00000000eda00000| Complete 
| 219|0x00000000edb00000, 0x00000000edc00000, 0x00000000edc00000|100%| E|CS|TAMS 0x00000000edb00000, 0x00000000edb00000| Complete 
| 220|0x00000000edc00000, 0x00000000edd00000, 0x00000000edd00000|100%| E|CS|TAMS 0x00000000edc00000, 0x00000000edc00000| Complete 
| 221|0x00000000edd00000, 0x00000000ede00000, 0x00000000ede00000|100%| E|CS|TAMS 0x00000000edd00000, 0x00000000edd00000| Complete 
| 222|0x00000000ede00000, 0x00000000edf00000, 0x00000000edf00000|100%| E|CS|TAMS 0x00000000ede00000, 0x00000000ede00000| Complete 
| 223|0x00000000edf00000, 0x00000000ee000000, 0x00000000ee000000|100%| E|CS|TAMS 0x00000000edf00000, 0x00000000edf00000| Complete 
| 224|0x00000000ee000000, 0x00000000ee100000, 0x00000000ee100000|100%| E|CS|TAMS 0x00000000ee000000, 0x00000000ee000000| Complete 
| 225|0x00000000ee100000, 0x00000000ee200000, 0x00000000ee200000|100%| E|CS|TAMS 0x00000000ee100000, 0x00000000ee100000| Complete 
| 226|0x00000000ee200000, 0x00000000ee300000, 0x00000000ee300000|100%| E|CS|TAMS 0x00000000ee200000, 0x00000000ee200000| Complete 
| 227|0x00000000ee300000, 0x00000000ee400000, 0x00000000ee400000|100%| E|CS|TAMS 0x00000000ee300000, 0x00000000ee300000| Complete 
| 228|0x00000000ee400000, 0x00000000ee500000, 0x00000000ee500000|100%| E|CS|TAMS 0x00000000ee400000, 0x00000000ee400000| Complete 
| 229|0x00000000ee500000, 0x00000000ee600000, 0x00000000ee600000|100%| E|CS|TAMS 0x00000000ee500000, 0x00000000ee500000| Complete 
| 230|0x00000000ee600000, 0x00000000ee700000, 0x00000000ee700000|100%| E|CS|TAMS 0x00000000ee600000, 0x00000000ee600000| Complete 
| 231|0x00000000ee700000, 0x00000000ee800000, 0x00000000ee800000|100%| E|CS|TAMS 0x00000000ee700000, 0x00000000ee700000| Complete 
| 232|0x00000000ee800000, 0x00000000ee900000, 0x00000000ee900000|100%| E|CS|TAMS 0x00000000ee800000, 0x00000000ee800000| Complete 
| 233|0x00000000ee900000, 0x00000000eea00000, 0x00000000eea00000|100%| E|CS|TAMS 0x00000000ee900000, 0x00000000ee900000| Complete 
| 234|0x00000000eea00000, 0x00000000eeb00000, 0x00000000eeb00000|100%| E|CS|TAMS 0x00000000eea00000, 0x00000000eea00000| Complete 
| 235|0x00000000eeb00000, 0x00000000eec00000, 0x00000000eec00000|100%| E|CS|TAMS 0x00000000eeb00000, 0x00000000eeb00000| Complete 
| 236|0x00000000eec00000, 0x00000000eed00000, 0x00000000eed00000|100%| E|CS|TAMS 0x00000000eec00000, 0x00000000eec00000| Complete 
| 237|0x00000000eed00000, 0x00000000eee00000, 0x00000000eee00000|100%| E|CS|TAMS 0x00000000eed00000, 0x00000000eed00000| Complete 
| 238|0x00000000eee00000, 0x00000000eef00000, 0x00000000eef00000|100%| E|CS|TAMS 0x00000000eee00000, 0x00000000eee00000| Complete 
| 239|0x00000000eef00000, 0x00000000ef000000, 0x00000000ef000000|100%| E|CS|TAMS 0x00000000eef00000, 0x00000000eef00000| Complete 
| 240|0x00000000ef000000, 0x00000000ef100000, 0x00000000ef100000|100%| E|CS|TAMS 0x00000000ef000000, 0x00000000ef000000| Complete 
| 241|0x00000000ef100000, 0x00000000ef200000, 0x00000000ef200000|100%| E|CS|TAMS 0x00000000ef100000, 0x00000000ef100000| Complete 
| 242|0x00000000ef200000, 0x00000000ef300000, 0x00000000ef300000|100%| E|CS|TAMS 0x00000000ef200000, 0x00000000ef200000| Complete 
| 243|0x00000000ef300000, 0x00000000ef400000, 0x00000000ef400000|100%| E|CS|TAMS 0x00000000ef300000, 0x00000000ef300000| Complete 
| 244|0x00000000ef400000, 0x00000000ef500000, 0x00000000ef500000|100%| E|CS|TAMS 0x00000000ef400000, 0x00000000ef400000| Complete 
| 245|0x00000000ef500000, 0x00000000ef600000, 0x00000000ef600000|100%| E|CS|TAMS 0x00000000ef500000, 0x00000000ef500000| Complete 
| 246|0x00000000ef600000, 0x00000000ef700000, 0x00000000ef700000|100%| E|CS|TAMS 0x00000000ef600000, 0x00000000ef600000| Complete 
| 247|0x00000000ef700000, 0x00000000ef800000, 0x00000000ef800000|100%| E|CS|TAMS 0x00000000ef700000, 0x00000000ef700000| Complete 
| 248|0x00000000ef800000, 0x00000000ef900000, 0x00000000ef900000|100%| E|CS|TAMS 0x00000000ef800000, 0x00000000ef800000| Complete 
| 249|0x00000000ef900000, 0x00000000efa00000, 0x00000000efa00000|100%| E|CS|TAMS 0x00000000ef900000, 0x00000000ef900000| Complete 
| 250|0x00000000efa00000, 0x00000000efb00000, 0x00000000efb00000|100%| E|CS|TAMS 0x00000000efa00000, 0x00000000efa00000| Complete 
| 251|0x00000000efb00000, 0x00000000efc00000, 0x00000000efc00000|100%| E|CS|TAMS 0x00000000efb00000, 0x00000000efb00000| Complete 
| 252|0x00000000efc00000, 0x00000000efd00000, 0x00000000efd00000|100%| E|CS|TAMS 0x00000000efc00000, 0x00000000efc00000| Complete 
| 253|0x00000000efd00000, 0x00000000efe00000, 0x00000000efe00000|100%| E|CS|TAMS 0x00000000efd00000, 0x00000000efd00000| Complete 
| 254|0x00000000efe00000, 0x00000000eff00000, 0x00000000eff00000|100%| E|CS|TAMS 0x00000000efe00000, 0x00000000efe00000| Complete 
| 255|0x00000000eff00000, 0x00000000f0000000, 0x00000000f0000000|100%| E|CS|TAMS 0x00000000eff00000, 0x00000000eff00000| Complete 

Card table byte_map: [0x0000018a16980000,0x0000018a16a80000] _byte_map_base: 0x0000018a16280000

Marking Bits (Prev, Next): (CMBitMap*) 0x0000018a7fa06b20, (CMBitMap*) 0x0000018a7fa06b60
 Prev Bits: [0x0000018a16b80000, 0x0000018a17380000)
 Next Bits: [0x0000018a17380000, 0x0000018a17b80000)

Polling page: 0x0000018a7e1a0000

Metaspace:

Usage:
  Non-class:     34.31 MB used.
      Class:      5.46 MB used.
       Both:     39.77 MB used.

Virtual space:
  Non-class space:       40.00 MB reserved,      34.50 MB ( 86%) committed,  5 nodes.
      Class space:      208.00 MB reserved,       5.62 MB (  3%) committed,  1 nodes.
             Both:      248.00 MB reserved,      40.12 MB ( 16%) committed. 

Chunk freelists:
   Non-Class:  978.00 KB
       Class:  2.19 MB
        Both:  3.14 MB

MaxMetaspaceSize: 256.00 MB
CompressedClassSpaceSize: 208.00 MB
Initial GC threshold: 21.00 MB
Current GC threshold: 58.69 MB
CDS: on
MetaspaceReclaimPolicy: balanced
 - commit_granule_bytes: 65536.
 - commit_granule_words: 8192.
 - virtual_space_node_default_size: 1048576.
 - enlarge_chunks_in_place: 1.
 - new_chunks_are_fully_committed: 0.
 - uncommit_free_chunks: 1.
 - use_allocation_guard: 0.
 - handle_deallocations: 1.


Internal statistics:

num_allocs_failed_limit: 6.
num_arena_births: 420.
num_arena_deaths: 0.
num_vsnodes_births: 6.
num_vsnodes_deaths: 0.
num_space_committed: 642.
num_space_uncommitted: 0.
num_chunks_returned_to_freelist: 6.
num_chunks_taken_from_freelist: 1956.
num_chunk_merges: 6.
num_chunk_splits: 1297.
num_chunks_enlarged: 892.
num_purges: 0.
num_inconsistent_stats: 0.

CodeHeap 'non-profiled nmethods': size=120000Kb used=5082Kb max_used=5082Kb free=114917Kb
 bounds [0x0000018a0f240000, 0x0000018a0f740000, 0x0000018a16770000]
CodeHeap 'profiled nmethods': size=120000Kb used=10464Kb max_used=10824Kb free=109535Kb
 bounds [0x0000018a07d10000, 0x0000018a08810000, 0x0000018a0f240000]
CodeHeap 'non-nmethods': size=5760Kb used=2301Kb max_used=2403Kb free=3458Kb
 bounds [0x0000018a07770000, 0x0000018a079f0000, 0x0000018a07d10000]
 total_blobs=6164 nmethods=5349 adapters=728
 compilation: enabled
              stopped_count=0, restarted_count=0
 full_count=0

Compilation events (20 events):
Event: 61.769 Thread 0x0000018a1a15b5a0 6713       3       org.apache.groovy.parser.antlr4.GroovyParser$ExpressionContext::<init> (7 bytes)
Event: 61.769 Thread 0x0000018a1a15b5a0 nmethod 6713 0x0000018a084d3d90 code [0x0000018a084d3f40, 0x0000018a084d4258]
Event: 61.769 Thread 0x0000018a1a15b5a0 6714       3       org.apache.groovy.parser.antlr4.GroovyParser$ExpressionContext::<init> (5 bytes)
Event: 61.769 Thread 0x0000018a1a15b5a0 nmethod 6714 0x0000018a08616190 code [0x0000018a08616340, 0x0000018a086165f8]
Event: 61.769 Thread 0x0000018a1a15b5a0 6715       3       org.apache.groovy.parser.antlr4.GroovyParser$ExpressionContext::copyFrom (6 bytes)
Event: 61.769 Thread 0x0000018a1a15b5a0 nmethod 6715 0x0000018a0837d590 code [0x0000018a0837d720, 0x0000018a0837d868]
Event: 61.770 Thread 0x0000018a1a15b5a0 6716       3       groovyjarjarantlr4.v4.runtime.dfa.HashEdgeMap::size (41 bytes)
Event: 61.770 Thread 0x0000018a1a15b5a0 nmethod 6716 0x0000018a08615c90 code [0x0000018a08615e40, 0x0000018a08616058]
Event: 61.770 Thread 0x0000018a1a15b5a0 6717   !   3       org.apache.groovy.parser.antlr4.GroovyParser::expression (4043 bytes)
Event: 61.798 Thread 0x0000018a1a15b5a0 nmethod 6717 0x0000018a087da210 code [0x0000018a087dc200, 0x0000018a087f66e8]
Event: 61.798 Thread 0x0000018a1a15b5a0 6718       3       org.apache.groovy.parser.antlr4.GroovyParser$PrimaryContext::<init> (7 bytes)
Event: 61.798 Thread 0x0000018a1a15b5a0 nmethod 6718 0x0000018a08615690 code [0x0000018a08615840, 0x0000018a08615b58]
Event: 61.799 Thread 0x0000018a1a15b5a0 6719       3       org.apache.groovy.parser.antlr4.GroovyParser$PrimaryContext::<init> (5 bytes)
Event: 61.799 Thread 0x0000018a1a15b5a0 nmethod 6719 0x0000018a086d9e90 code [0x0000018a086da040, 0x0000018a086da2f8]
Event: 61.799 Thread 0x0000018a1a15b5a0 6720       3       org.apache.groovy.parser.antlr4.GroovyParser$PrimaryContext::copyFrom (6 bytes)
Event: 61.799 Thread 0x0000018a1a15b5a0 nmethod 6720 0x0000018a0844c210 code [0x0000018a0844c3a0, 0x0000018a0844c4e8]
Event: 61.800 Thread 0x0000018a1a15b5a0 6721       3       org.apache.groovy.parser.antlr4.GroovyParser$PostfixExpressionContext::<init> (7 bytes)
Event: 61.800 Thread 0x0000018a1a15b5a0 nmethod 6721 0x0000018a086d9890 code [0x0000018a086d9a40, 0x0000018a086d9d58]
Event: 61.800 Thread 0x0000018a1a15b5a0 6722   !   3       org.apache.groovy.parser.antlr4.GroovyParser::pathExpression (332 bytes)
Event: 61.801 Thread 0x0000018a1a15b5a0 nmethod 6722 0x0000018a07e7be90 code [0x0000018a07e7c1e0, 0x0000018a07e7dd38]

GC Heap History (20 events):
Event: 56.878 GC heap before
{Heap before GC invocations=46 (full 0):
 garbage-first heap   total 262144K, used 222861K [0x00000000e0000000, 0x0000000100000000)
  region size 1024K, 132 young (135168K), 11 survivors (11264K)
 Metaspace       used 40640K, committed 41024K, reserved 253952K
  class space    used 5591K, committed 5760K, reserved 212992K
}
Event: 56.880 GC heap after
{Heap after GC invocations=47 (full 0):
 garbage-first heap   total 262144K, used 89013K [0x00000000e0000000, 0x0000000100000000)
  region size 1024K, 4 young (4096K), 4 survivors (4096K)
 Metaspace       used 40640K, committed 41024K, reserved 253952K
  class space    used 5591K, committed 5760K, reserved 212992K
}
Event: 57.333 GC heap before
{Heap before GC invocations=47 (full 0):
 garbage-first heap   total 262144K, used 233397K [0x00000000e0000000, 0x0000000100000000)
  region size 1024K, 143 young (146432K), 4 survivors (4096K)
 Metaspace       used 40644K, committed 41024K, reserved 253952K
  class space    used 5591K, committed 5760K, reserved 212992K
}
Event: 57.335 GC heap after
{Heap after GC invocations=48 (full 0):
 garbage-first heap   total 262144K, used 88064K [0x00000000e0000000, 0x0000000100000000)
  region size 1024K, 3 young (3072K), 3 survivors (3072K)
 Metaspace       used 40644K, committed 41024K, reserved 253952K
  class space    used 5591K, committed 5760K, reserved 212992K
}
Event: 57.867 GC heap before
{Heap before GC invocations=48 (full 0):
 garbage-first heap   total 262144K, used 235520K [0x00000000e0000000, 0x0000000100000000)
  region size 1024K, 144 young (147456K), 3 survivors (3072K)
 Metaspace       used 40648K, committed 41024K, reserved 253952K
  class space    used 5591K, committed 5760K, reserved 212992K
}
Event: 57.870 GC heap after
{Heap after GC invocations=49 (full 0):
 garbage-first heap   total 262144K, used 93161K [0x00000000e0000000, 0x0000000100000000)
  region size 1024K, 5 young (5120K), 5 survivors (5120K)
 Metaspace       used 40648K, committed 41024K, reserved 253952K
  class space    used 5591K, committed 5760K, reserved 212992K
}
Event: 58.440 GC heap before
{Heap before GC invocations=49 (full 0):
 garbage-first heap   total 262144K, used 234473K [0x00000000e0000000, 0x0000000100000000)
  region size 1024K, 139 young (142336K), 5 survivors (5120K)
 Metaspace       used 40653K, committed 41024K, reserved 253952K
  class space    used 5591K, committed 5760K, reserved 212992K
}
Event: 58.443 GC heap after
{Heap after GC invocations=50 (full 0):
 garbage-first heap   total 262144K, used 93825K [0x00000000e0000000, 0x0000000100000000)
  region size 1024K, 4 young (4096K), 4 survivors (4096K)
 Metaspace       used 40653K, committed 41024K, reserved 253952K
  class space    used 5591K, committed 5760K, reserved 212992K
}
Event: 59.151 GC heap before
{Heap before GC invocations=50 (full 0):
 garbage-first heap   total 262144K, used 231041K [0x00000000e0000000, 0x0000000100000000)
  region size 1024K, 138 young (141312K), 4 survivors (4096K)
 Metaspace       used 40654K, committed 41024K, reserved 253952K
  class space    used 5591K, committed 5760K, reserved 212992K
}
Event: 59.155 GC heap after
{Heap after GC invocations=51 (full 0):
 garbage-first heap   total 262144K, used 95359K [0x00000000e0000000, 0x0000000100000000)
  region size 1024K, 6 young (6144K), 6 survivors (6144K)
 Metaspace       used 40654K, committed 41024K, reserved 253952K
  class space    used 5591K, committed 5760K, reserved 212992K
}
Event: 59.875 GC heap before
{Heap before GC invocations=51 (full 0):
 garbage-first heap   total 262144K, used 228479K [0x00000000e0000000, 0x0000000100000000)
  region size 1024K, 136 young (139264K), 6 survivors (6144K)
 Metaspace       used 40654K, committed 41024K, reserved 253952K
  class space    used 5591K, committed 5760K, reserved 212992K
}
Event: 59.880 GC heap after
{Heap after GC invocations=52 (full 0):
 garbage-first heap   total 262144K, used 97280K [0x00000000e0000000, 0x0000000100000000)
  region size 1024K, 7 young (7168K), 7 survivors (7168K)
 Metaspace       used 40654K, committed 41024K, reserved 253952K
  class space    used 5591K, committed 5760K, reserved 212992K
}
Event: 60.256 GC heap before
{Heap before GC invocations=52 (full 0):
 garbage-first heap   total 262144K, used 228352K [0x00000000e0000000, 0x0000000100000000)
  region size 1024K, 135 young (138240K), 7 survivors (7168K)
 Metaspace       used 40654K, committed 41024K, reserved 253952K
  class space    used 5591K, committed 5760K, reserved 212992K
}
Event: 60.261 GC heap after
{Heap after GC invocations=53 (full 0):
 garbage-first heap   total 262144K, used 99319K [0x00000000e0000000, 0x0000000100000000)
  region size 1024K, 9 young (9216K), 9 survivors (9216K)
 Metaspace       used 40654K, committed 41024K, reserved 253952K
  class space    used 5591K, committed 5760K, reserved 212992K
}
Event: 60.624 GC heap before
{Heap before GC invocations=53 (full 0):
 garbage-first heap   total 262144K, used 226295K [0x00000000e0000000, 0x0000000100000000)
  region size 1024K, 133 young (136192K), 9 survivors (9216K)
 Metaspace       used 40654K, committed 41024K, reserved 253952K
  class space    used 5591K, committed 5760K, reserved 212992K
}
Event: 60.631 GC heap after
{Heap after GC invocations=54 (full 0):
 garbage-first heap   total 262144K, used 101063K [0x00000000e0000000, 0x0000000100000000)
  region size 1024K, 11 young (11264K), 11 survivors (11264K)
 Metaspace       used 40654K, committed 41024K, reserved 253952K
  class space    used 5591K, committed 5760K, reserved 212992K
}
Event: 61.150 GC heap before
{Heap before GC invocations=54 (full 0):
 garbage-first heap   total 262144K, used 227015K [0x00000000e0000000, 0x0000000100000000)
  region size 1024K, 131 young (134144K), 11 survivors (11264K)
 Metaspace       used 40655K, committed 41024K, reserved 253952K
  class space    used 5591K, committed 5760K, reserved 212992K
}
Event: 61.153 GC heap after
{Heap after GC invocations=55 (full 0):
 garbage-first heap   total 262144K, used 92934K [0x00000000e0000000, 0x0000000100000000)
  region size 1024K, 3 young (3072K), 3 survivors (3072K)
 Metaspace       used 40655K, committed 41024K, reserved 253952K
  class space    used 5591K, committed 5760K, reserved 212992K
}
Event: 61.515 GC heap before
{Heap before GC invocations=55 (full 0):
 garbage-first heap   total 262144K, used 229126K [0x00000000e0000000, 0x0000000100000000)
  region size 1024K, 136 young (139264K), 3 survivors (3072K)
 Metaspace       used 40655K, committed 41024K, reserved 253952K
  class space    used 5591K, committed 5760K, reserved 212992K
}
Event: 61.518 GC heap after
{Heap after GC invocations=56 (full 0):
 garbage-first heap   total 262144K, used 95197K [0x00000000e0000000, 0x0000000100000000)
  region size 1024K, 6 young (6144K), 6 survivors (6144K)
 Metaspace       used 40655K, committed 41024K, reserved 253952K
  class space    used 5591K, committed 5760K, reserved 212992K
}

Deoptimization events (20 events):
Event: 60.645 Thread 0x0000018a1bb8a320 Uncommon trap: trap_request=0xffffffd6 fr.pc=0x0000018a0f7275a4 relative=0x0000000000000864
Event: 60.645 Thread 0x0000018a1bb8a320 Uncommon trap: reason=array_check action=maybe_recompile pc=0x0000018a0f7275a4 method=java.util.ComparableTimSort.binarySort([Ljava/lang/Object;III)V @ 215 c2
Event: 60.645 Thread 0x0000018a1bb8a320 DEOPT PACKING pc=0x0000018a0f7275a4 sp=0x0000002519bf9320
Event: 60.646 Thread 0x0000018a1bb8a320 DEOPT UNPACKING pc=0x0000018a077c239d sp=0x0000002519bf92d0 mode 2
Event: 60.646 Thread 0x0000018a1bb8a320 Uncommon trap: trap_request=0xffffffd6 fr.pc=0x0000018a0f7275a4 relative=0x0000000000000864
Event: 60.646 Thread 0x0000018a1bb8a320 Uncommon trap: reason=array_check action=maybe_recompile pc=0x0000018a0f7275a4 method=java.util.ComparableTimSort.binarySort([Ljava/lang/Object;III)V @ 215 c2
Event: 60.646 Thread 0x0000018a1bb8a320 DEOPT PACKING pc=0x0000018a0f7275a4 sp=0x0000002519bf9320
Event: 60.646 Thread 0x0000018a1bb8a320 DEOPT UNPACKING pc=0x0000018a077c239d sp=0x0000002519bf92d0 mode 2
Event: 61.037 Thread 0x0000018a1c8826a0 Uncommon trap: trap_request=0xffffffd6 fr.pc=0x0000018a0f729e70 relative=0x00000000000009b0
Event: 61.037 Thread 0x0000018a1c8826a0 Uncommon trap: reason=array_check action=maybe_recompile pc=0x0000018a0f729e70 method=java.util.ComparableTimSort.reverseRange([Ljava/lang/Object;II)V @ 27 c2
Event: 61.037 Thread 0x0000018a1c8826a0 DEOPT PACKING pc=0x0000018a0f729e70 sp=0x00000025195fe260
Event: 61.037 Thread 0x0000018a1c8826a0 DEOPT UNPACKING pc=0x0000018a077c239d sp=0x00000025195fe1a8 mode 2
Event: 61.037 Thread 0x0000018a1c8826a0 Uncommon trap: trap_request=0xffffffd6 fr.pc=0x0000018a0f729e70 relative=0x00000000000009b0
Event: 61.037 Thread 0x0000018a1c8826a0 Uncommon trap: reason=array_check action=maybe_recompile pc=0x0000018a0f729e70 method=java.util.ComparableTimSort.reverseRange([Ljava/lang/Object;II)V @ 27 c2
Event: 61.037 Thread 0x0000018a1c8826a0 DEOPT PACKING pc=0x0000018a0f729e70 sp=0x00000025195fe260
Event: 61.037 Thread 0x0000018a1c8826a0 DEOPT UNPACKING pc=0x0000018a077c239d sp=0x00000025195fe1a8 mode 2
Event: 61.583 Thread 0x0000018a1bb8a320 DEOPT PACKING pc=0x0000018a08638932 sp=0x0000002519bf93e0
Event: 61.583 Thread 0x0000018a1bb8a320 DEOPT UNPACKING pc=0x0000018a077c2b24 sp=0x0000002519bf8890 mode 0
Event: 61.804 Thread 0x0000018a1bb8a320 DEOPT PACKING pc=0x0000018a0862dbd5 sp=0x0000002519bf79b0
Event: 61.804 Thread 0x0000018a1bb8a320 DEOPT UNPACKING pc=0x0000018a077c2b24 sp=0x0000002519bf6f08 mode 0

Classes unloaded (0 events):
No events

Classes redefined (0 events):
No events

Internal exceptions (20 events):
Event: 41.532 Thread 0x0000018a1c1d8170 Exception <a 'sun/nio/fs/WindowsException'{0x00000000e7902f48}> (0x00000000e7902f48) 
thrown [t:\workspace\open\src\hotspot\share\prims\jni.cpp, line 516]
Event: 41.584 Thread 0x0000018a1c1d6960 Exception <a 'sun/nio/fs/WindowsException'{0x00000000efc0d528}> (0x00000000efc0d528) 
thrown [t:\workspace\open\src\hotspot\share\prims\jni.cpp, line 516]
Event: 41.647 Thread 0x0000018a1c1ddce0 Exception <a 'sun/nio/fs/WindowsException'{0x00000000efbad0c8}> (0x00000000efbad0c8) 
thrown [t:\workspace\open\src\hotspot\share\prims\jni.cpp, line 516]
Event: 42.162 Thread 0x0000018a1c1ddce0 Exception <a 'sun/nio/fs/WindowsException'{0x00000000ea0d38f8}> (0x00000000ea0d38f8) 
thrown [t:\workspace\open\src\hotspot\share\prims\jni.cpp, line 516]
Event: 42.281 Thread 0x0000018a1c1ddce0 Exception <a 'sun/nio/fs/WindowsException'{0x00000000ea0d3a80}> (0x00000000ea0d3a80) 
thrown [t:\workspace\open\src\hotspot\share\prims\jni.cpp, line 516]
Event: 42.413 Thread 0x0000018a1c1ddce0 Exception <a 'sun/nio/fs/WindowsException'{0x00000000ef9810d8}> (0x00000000ef9810d8) 
thrown [t:\workspace\open\src\hotspot\share\prims\jni.cpp, line 516]
Event: 42.416 Thread 0x0000018a1c1ddce0 Exception <a 'sun/nio/fs/WindowsException'{0x00000000edc8f9c8}> (0x00000000edc8f9c8) 
thrown [t:\workspace\open\src\hotspot\share\prims\jni.cpp, line 516]
Event: 42.465 Thread 0x0000018a1c1ddce0 Exception <a 'sun/nio/fs/WindowsException'{0x00000000edc8fb80}> (0x00000000edc8fb80) 
thrown [t:\workspace\open\src\hotspot\share\prims\jni.cpp, line 516]
Event: 42.605 Thread 0x0000018a1c1ddce0 Exception <a 'sun/nio/fs/WindowsException'{0x00000000e8cc85b8}> (0x00000000e8cc85b8) 
thrown [t:\workspace\open\src\hotspot\share\prims\jni.cpp, line 516]
Event: 43.395 Thread 0x0000018a1bb88fe0 Exception <a 'sun/nio/fs/WindowsException'{0x00000000ec171528}> (0x00000000ec171528) 
thrown [t:\workspace\open\src\hotspot\share\prims\jni.cpp, line 516]
Event: 43.439 Thread 0x0000018a1bb88fe0 Exception <a 'sun/nio/fs/WindowsException'{0x00000000ec171698}> (0x00000000ec171698) 
thrown [t:\workspace\open\src\hotspot\share\prims\jni.cpp, line 516]
Event: 43.595 Thread 0x0000018a1bb88fe0 Exception <a 'sun/nio/fs/WindowsException'{0x00000000eff01b38}> (0x00000000eff01b38) 
thrown [t:\workspace\open\src\hotspot\share\prims\jni.cpp, line 516]
Event: 45.708 Thread 0x0000018a1c1d8170 Exception <a 'sun/nio/fs/WindowsException'{0x00000000e9a912a0}> (0x00000000e9a912a0) 
thrown [t:\workspace\open\src\hotspot\share\prims\jni.cpp, line 516]
Event: 45.709 Thread 0x0000018a1c1d8170 Exception <a 'sun/nio/fs/WindowsException'{0x00000000e9a91430}> (0x00000000e9a91430) 
thrown [t:\workspace\open\src\hotspot\share\prims\jni.cpp, line 516]
Event: 47.174 Thread 0x0000018a1c1d6960 Exception <a 'sun/nio/fs/WindowsException'{0x00000000e8b9bb08}> (0x00000000e8b9bb08) 
thrown [t:\workspace\open\src\hotspot\share\prims\jni.cpp, line 516]
Event: 47.178 Thread 0x0000018a1c1d6960 Exception <a 'sun/nio/fs/WindowsException'{0x00000000e8b9bca0}> (0x00000000e8b9bca0) 
thrown [t:\workspace\open\src\hotspot\share\prims\jni.cpp, line 516]
Event: 48.124 Thread 0x0000018a1bb88fe0 Exception <a 'sun/nio/fs/WindowsException'{0x00000000ebe338d8}> (0x00000000ebe338d8) 
thrown [t:\workspace\open\src\hotspot\share\prims\jni.cpp, line 516]
Event: 48.126 Thread 0x0000018a1bb88fe0 Exception <a 'sun/nio/fs/WindowsException'{0x00000000ebe33a90}> (0x00000000ebe33a90) 
thrown [t:\workspace\open\src\hotspot\share\prims\jni.cpp, line 516]
Event: 50.975 Thread 0x0000018a1c1ddce0 Exception <a 'sun/nio/fs/WindowsException'{0x00000000ebcf7dc0}> (0x00000000ebcf7dc0) 
thrown [t:\workspace\open\src\hotspot\share\prims\jni.cpp, line 516]
Event: 50.978 Thread 0x0000018a1c1ddce0 Exception <a 'sun/nio/fs/WindowsException'{0x00000000ebcf7f48}> (0x00000000ebcf7f48) 
thrown [t:\workspace\open\src\hotspot\share\prims\jni.cpp, line 516]

VM Operations (20 events):
Event: 56.878 Executing VM operation: G1CollectForAllocation
Event: 56.880 Executing VM operation: G1CollectForAllocation done
Event: 57.333 Executing VM operation: G1CollectForAllocation
Event: 57.336 Executing VM operation: G1CollectForAllocation done
Event: 57.867 Executing VM operation: G1CollectForAllocation
Event: 57.870 Executing VM operation: G1CollectForAllocation done
Event: 58.440 Executing VM operation: G1CollectForAllocation
Event: 58.444 Executing VM operation: G1CollectForAllocation done
Event: 59.151 Executing VM operation: G1CollectForAllocation
Event: 59.155 Executing VM operation: G1CollectForAllocation done
Event: 59.875 Executing VM operation: G1CollectForAllocation
Event: 59.880 Executing VM operation: G1CollectForAllocation done
Event: 60.256 Executing VM operation: G1CollectForAllocation
Event: 60.261 Executing VM operation: G1CollectForAllocation done
Event: 60.624 Executing VM operation: G1CollectForAllocation
Event: 60.631 Executing VM operation: G1CollectForAllocation done
Event: 61.150 Executing VM operation: G1CollectForAllocation
Event: 61.153 Executing VM operation: G1CollectForAllocation done
Event: 61.515 Executing VM operation: G1CollectForAllocation
Event: 61.518 Executing VM operation: G1CollectForAllocation done

Events (20 events):
Event: 41.199 Thread 0x0000018a1a1c6e00 flushing nmethod 0x0000018a086dde10
Event: 41.199 Thread 0x0000018a1a1c6e00 flushing nmethod 0x0000018a086de910
Event: 41.199 Thread 0x0000018a1a1c6e00 flushing nmethod 0x0000018a086df110
Event: 41.199 Thread 0x0000018a1a1c6e00 flushing nmethod 0x0000018a086e2910
Event: 41.199 Thread 0x0000018a1a1c6e00 flushing nmethod 0x0000018a086e5410
Event: 41.199 Thread 0x0000018a1a1c6e00 flushing nmethod 0x0000018a086e5810
Event: 41.199 Thread 0x0000018a1a1c6e00 flushing nmethod 0x0000018a086e6e10
Event: 41.199 Thread 0x0000018a1a1c6e00 flushing nmethod 0x0000018a086ed010
Event: 41.199 Thread 0x0000018a1a1c6e00 flushing nmethod 0x0000018a08706610
Event: 41.199 Thread 0x0000018a1a1c6e00 flushing nmethod 0x0000018a08754310
Event: 41.199 Thread 0x0000018a1a1c6e00 flushing nmethod 0x0000018a0876de10
Event: 41.199 Thread 0x0000018a1a1c6e00 flushing nmethod 0x0000018a08777b10
Event: 45.387 Thread 0x0000018a1b68c080 Thread exited: 0x0000018a1b68c080
Event: 45.750 Thread 0x0000018a1a1c6e00 flushing nmethod 0x0000018a0f436590
Event: 45.750 Thread 0x0000018a1a1c6e00 flushing nmethod 0x0000018a0f44b390
Event: 45.750 Thread 0x0000018a1a1c6e00 flushing nmethod 0x0000018a0f44d190
Event: 45.757 Thread 0x0000018a1a1c6e00 flushing nmethod 0x0000018a08790490
Event: 46.723 Thread 0x0000018a1b68c080 Thread added: 0x0000018a1b68c080
Event: 47.343 Thread 0x0000018a1b68c080 Thread exited: 0x0000018a1b68c080
Event: 61.762 Thread 0x0000018a1b68c080 Thread added: 0x0000018a1b68c080


Dynamic libraries:
0x00007ff7b30d0000 - 0x00007ff7b30de000 	C:\Users\lebedev\.jdks\openjdk-17.0.2\bin\java.exe
0x00007ffb47530000 - 0x00007ffb47725000 	C:\Windows\SYSTEM32\ntdll.dll
0x00007ffb46ff0000 - 0x00007ffb470ae000 	C:\Windows\System32\KERNEL32.DLL
0x00007ffb44d60000 - 0x00007ffb45028000 	C:\Windows\System32\KERNELBASE.dll
0x00007ffb424a0000 - 0x00007ffb42530000 	C:\Windows\SYSTEM32\apphelp.dll
0x00007ffb45360000 - 0x00007ffb45460000 	C:\Windows\System32\ucrtbase.dll
0x00007ffb29ea0000 - 0x00007ffb29eba000 	C:\Users\lebedev\.jdks\openjdk-17.0.2\bin\VCRUNTIME140.dll
0x00007ffb29ec0000 - 0x00007ffb29ed8000 	C:\Users\lebedev\.jdks\openjdk-17.0.2\bin\jli.dll
0x00007ffb46360000 - 0x00007ffb46501000 	C:\Windows\System32\USER32.dll
0x00007ffb45090000 - 0x00007ffb450b2000 	C:\Windows\System32\win32u.dll
0x00007ffb47360000 - 0x00007ffb4738b000 	C:\Windows\System32\GDI32.dll
0x00007ffb450f0000 - 0x00007ffb451fd000 	C:\Windows\System32\gdi32full.dll
0x00007ffb44cc0000 - 0x00007ffb44d5d000 	C:\Windows\System32\msvcp_win.dll
0x00007ffb30030000 - 0x00007ffb302ca000 	C:\Windows\WinSxS\amd64_microsoft.windows.common-controls_6595b64144ccf1df_6.0.19041.1110_none_60b5254171f9507e\COMCTL32.dll
0x00007ffb47260000 - 0x00007ffb472fe000 	C:\Windows\System32\msvcrt.dll
0x00007ffb470b0000 - 0x00007ffb470e0000 	C:\Windows\System32\IMM32.DLL
0x00007ffb3fcf0000 - 0x00007ffb3fcfc000 	C:\Users\lebedev\.jdks\openjdk-17.0.2\bin\vcruntime140_1.dll
0x00007ffb16040000 - 0x00007ffb160cd000 	C:\Users\lebedev\.jdks\openjdk-17.0.2\bin\msvcp140.dll
0x00007ffae67b0000 - 0x00007ffae7371000 	C:\Users\lebedev\.jdks\openjdk-17.0.2\bin\server\jvm.dll
0x00007ffb467a0000 - 0x00007ffb4684e000 	C:\Windows\System32\ADVAPI32.dll
0x00007ffb45a70000 - 0x00007ffb45b0c000 	C:\Windows\System32\sechost.dll
0x00007ffb46d80000 - 0x00007ffb46ea5000 	C:\Windows\System32\RPCRT4.dll
0x00007ffb46ec0000 - 0x00007ffb46ec8000 	C:\Windows\System32\PSAPI.DLL
0x00007ffb31720000 - 0x00007ffb31729000 	C:\Windows\SYSTEM32\WSOCK32.dll
0x00007ffb470e0000 - 0x00007ffb4714b000 	C:\Windows\System32\WS2_32.dll
0x00007ffb31e50000 - 0x00007ffb31e77000 	C:\Windows\SYSTEM32\WINMM.dll
0x00007ffb3e220000 - 0x00007ffb3e22a000 	C:\Windows\SYSTEM32\VERSION.dll
0x00007ffb42a40000 - 0x00007ffb42a52000 	C:\Windows\SYSTEM32\kernel.appcore.dll
0x00007ffb3fbf0000 - 0x00007ffb3fbfa000 	C:\Users\lebedev\.jdks\openjdk-17.0.2\bin\jimage.dll
0x00007ffb2e440000 - 0x00007ffb2e624000 	C:\Windows\SYSTEM32\DBGHELP.DLL
0x00007ffb2df70000 - 0x00007ffb2df9c000 	C:\Windows\SYSTEM32\dbgcore.DLL
0x00007ffb45460000 - 0x00007ffb454e2000 	C:\Windows\System32\bcryptPrimitives.dll
0x00007ffb26190000 - 0x00007ffb261b5000 	C:\Users\lebedev\.jdks\openjdk-17.0.2\bin\java.dll
0x00007ffb15c50000 - 0x00007ffb15d26000 	C:\Users\lebedev\.jdks\openjdk-17.0.2\bin\jsvml.dll
0x00007ffb45c10000 - 0x00007ffb46354000 	C:\Windows\System32\SHELL32.dll
0x00007ffb42d20000 - 0x00007ffb434b5000 	C:\Windows\SYSTEM32\windows.storage.dll
0x00007ffb46850000 - 0x00007ffb46ba5000 	C:\Windows\System32\combase.dll
0x00007ffb44590000 - 0x00007ffb445be000 	C:\Windows\SYSTEM32\Wldp.dll
0x00007ffb459c0000 - 0x00007ffb45a6d000 	C:\Windows\System32\SHCORE.dll
0x00007ffb47300000 - 0x00007ffb47355000 	C:\Windows\System32\shlwapi.dll
0x00007ffb44b50000 - 0x00007ffb44b6f000 	C:\Windows\SYSTEM32\profapi.dll
0x00007ffb273b0000 - 0x00007ffb273c9000 	C:\Users\lebedev\.jdks\openjdk-17.0.2\bin\net.dll
0x00007ffb3a910000 - 0x00007ffb3aa1c000 	C:\Windows\SYSTEM32\WINHTTP.dll
0x00007ffb442f0000 - 0x00007ffb4435a000 	C:\Windows\system32\mswsock.dll
0x00007ffb26060000 - 0x00007ffb26076000 	C:\Users\lebedev\.jdks\openjdk-17.0.2\bin\nio.dll
0x00007ffb25f90000 - 0x00007ffb25fa8000 	C:\Users\lebedev\.jdks\openjdk-17.0.2\bin\zip.dll
0x00007ffb322c0000 - 0x00007ffb322d0000 	C:\Users\lebedev\.jdks\openjdk-17.0.2\bin\verify.dll
0x00007ffb2a7d0000 - 0x00007ffb2a7f7000 	C:\Users\lebedev\.gradle\native\e1d6ef7f7dcc3fd88c89a11ec53ec762bb8ba0a96d01ffa2cd45eb1d1d8dd5c5\windows-amd64\native-platform.dll
0x00007ffb117e0000 - 0x00007ffb11924000 	C:\Users\lebedev\.gradle\native\5664cfc778a61ccfe75a443a1ab52a65af34e5dc3c78e0209fed803814484fcb\windows-amd64\native-platform-file-events.dll
0x00007ffb2a7c0000 - 0x00007ffb2a7c9000 	C:\Users\lebedev\.jdks\openjdk-17.0.2\bin\management.dll
0x00007ffb2a360000 - 0x00007ffb2a36b000 	C:\Users\lebedev\.jdks\openjdk-17.0.2\bin\management_ext.dll
0x00007ffb444e0000 - 0x00007ffb444f8000 	C:\Windows\SYSTEM32\CRYPTSP.dll
0x00007ffb43c70000 - 0x00007ffb43ca4000 	C:\Windows\system32\rsaenh.dll
0x00007ffb450c0000 - 0x00007ffb450e7000 	C:\Windows\System32\bcrypt.dll
0x00007ffb44aa0000 - 0x00007ffb44ace000 	C:\Windows\SYSTEM32\USERENV.dll
0x00007ffb44500000 - 0x00007ffb4450c000 	C:\Windows\SYSTEM32\CRYPTBASE.dll
0x00007ffb43fe0000 - 0x00007ffb4401b000 	C:\Windows\SYSTEM32\IPHLPAPI.DLL
0x00007ffb45b10000 - 0x00007ffb45b18000 	C:\Windows\System32\NSI.dll
0x00007ffb3e0c0000 - 0x00007ffb3e0d7000 	C:\Windows\SYSTEM32\dhcpcsvc6.DLL
0x00007ffb3e0a0000 - 0x00007ffb3e0bd000 	C:\Windows\SYSTEM32\dhcpcsvc.DLL
0x00007ffb44020000 - 0x00007ffb440eb000 	C:\Windows\SYSTEM32\DNSAPI.dll
0x00007ffb2a0d0000 - 0x00007ffb2a0de000 	C:\Users\lebedev\.jdks\openjdk-17.0.2\bin\sunmscapi.dll
0x00007ffb45200000 - 0x00007ffb45356000 	C:\Windows\System32\CRYPT32.dll
0x00007ffb44600000 - 0x00007ffb44627000 	C:\Windows\SYSTEM32\ncrypt.dll
0x00007ffb445c0000 - 0x00007ffb445fb000 	C:\Windows\SYSTEM32\NTASN1.dll
0x00007ffb29f80000 - 0x00007ffb29f87000 	C:\Windows\system32\wshunix.dll

dbghelp: loaded successfully - version: 4.0.5 - missing functions: none
symbol engine: initialized successfully - sym options: 0x614 - pdb path: .;C:\Users\lebedev\.jdks\openjdk-17.0.2\bin;C:\Windows\SYSTEM32;C:\Windows\WinSxS\amd64_microsoft.windows.common-controls_6595b64144ccf1df_6.0.19041.1110_none_60b5254171f9507e;C:\Users\lebedev\.jdks\openjdk-17.0.2\bin\server;C:\Users\lebedev\.gradle\native\e1d6ef7f7dcc3fd88c89a11ec53ec762bb8ba0a96d01ffa2cd45eb1d1d8dd5c5\windows-amd64;C:\Users\lebedev\.gradle\native\5664cfc778a61ccfe75a443a1ab52a65af34e5dc3c78e0209fed803814484fcb\windows-amd64

VM Arguments:
jvm_args: --add-opens=java.base/java.util=ALL-UNNAMED --add-opens=java.base/java.lang=ALL-UNNAMED --add-opens=java.base/java.lang.invoke=ALL-UNNAMED --add-opens=java.base/java.util=ALL-UNNAMED --add-opens=java.prefs/java.util.prefs=ALL-UNNAMED --add-opens=java.prefs/java.util.prefs=ALL-UNNAMED --add-opens=java.base/java.nio.charset=ALL-UNNAMED --add-opens=java.base/java.net=ALL-UNNAMED --add-opens=java.base/java.util.concurrent.atomic=ALL-UNNAMED -XX:MaxMetaspaceSize=256m -XX:+HeapDumpOnOutOfMemoryError -Xms256m -Xmx512m -Dfile.encoding=windows-1251 -Duser.country=RU -Duser.language=ru -Duser.variant 
java_command: org.gradle.launcher.daemon.bootstrap.GradleDaemon 7.3.3
java_class_path (initial): C:\Users\lebedev\.gradle\wrapper\dists\gradle-7.3.3-bin\6a41zxkdtcxs8rphpq6y0069z\gradle-7.3.3\lib\gradle-launcher-7.3.3.jar
Launcher Type: SUN_STANDARD

[Global flags]
     intx CICompilerCount                          = 3                                         {product} {ergonomic}
   size_t CompressedClassSpaceSize                 = 218103808                                 {product} {ergonomic}
     uint ConcGCThreads                            = 1                                         {product} {ergonomic}
     uint G1ConcRefinementThreads                  = 4                                         {product} {ergonomic}
   size_t G1HeapRegionSize                         = 1048576                                   {product} {ergonomic}
    uintx GCDrainStackTargetSize                   = 64                                        {product} {ergonomic}
     bool HeapDumpOnOutOfMemoryError               = true                                   {manageable} {command line}
   size_t InitialHeapSize                          = 268435456                                 {product} {command line}
   size_t MarkStackSize                            = 4194304                                   {product} {ergonomic}
   size_t MaxHeapSize                              = 536870912                                 {product} {command line}
   size_t MaxMetaspaceSize                         = 268435456                                 {product} {command line}
   size_t MaxNewSize                               = 321912832                                 {product} {ergonomic}
   size_t MinHeapDeltaBytes                        = 1048576                                   {product} {ergonomic}
   size_t MinHeapSize                              = 268435456                                 {product} {command line}
    uintx NonNMethodCodeHeapSize                   = 5832780                                {pd product} {ergonomic}
    uintx NonProfiledCodeHeapSize                  = 122912730                              {pd product} {ergonomic}
    uintx ProfiledCodeHeapSize                     = 122912730                              {pd product} {ergonomic}
    uintx ReservedCodeCacheSize                    = 251658240                              {pd product} {ergonomic}
     bool SegmentedCodeCache                       = true                                      {product} {ergonomic}
   size_t SoftMaxHeapSize                          = 536870912                              {manageable} {ergonomic}
     bool UseCompressedClassPointers               = true                           {product lp64_product} {ergonomic}
     bool UseCompressedOops                        = true                           {product lp64_product} {ergonomic}
     bool UseG1GC                                  = true                                      {product} {ergonomic}
     bool UseLargePagesIndividualAllocation        = false                                  {pd product} {ergonomic}

Logging:
Log output configuration:
 #0: stdout all=warning uptime,level,tags
 #1: stderr all=off uptime,level,tags

Environment Variables:
PATH=C:\Program Files (x86)\Common Files\Oracle\Java\javapath;C:\Windows\system32;C:\Windows;C:\Windows\System32\Wbem;C:\Windows\System32\WindowsPowerShell\v1.0\;C:\Windows\System32\OpenSSH\;C:\Program Files (x86)\Microsoft SQL Server\100\Tools\Binn\;C:\Program Files\Microsoft SQL Server\100\Tools\Binn\;C:\Program Files\Microsoft SQL Server\100\DTS\Binn\;C:\Program Files (x86)\Microsoft SQL Server\100\Tools\Binn\VSShell\Common7\IDE\;C:\Program Files (x86)\Microsoft Visual Studio 9.0\Common7\IDE\PrivateAssemblies\;C:\Program Files (x86)\Microsoft SQL Server\100\DTS\Binn\;C:\Program Files (x86)\Microsoft SQL Server\150\DTS\Binn\;C:\Program Files\Azure Data Studio\bin;C:\Program Files (x86)\Common Files\Acronis\VirtualFile\;C:\Program Files (x86)\Common Files\Acronis\VirtualFile64\;C:\Program Files (x86)\Common Files\Acronis\FileProtector\;C:\Program Files (x86)\Common Files\Acronis\FileProtector64\;C:\Program Files (x86)\Common Files\Acronis\SnapAPI\;C:\Users\lebedev\AppData\Local\Microsoft\WindowsApps;C:\Program Files\Azure Data Studio\bin;D:\PostgreSQL\bin\;
USERNAME=lebedev
OS=Windows_NT
PROCESSOR_IDENTIFIER=Intel64 Family 6 Model 165 Stepping 3, GenuineIntel



---------------  S Y S T E M  ---------------

OS:
 Windows 10 , 64 bit Build 19041 (10.0.19041.1466)
OS uptime: 4 days 19:49 hours

CPU: total 4 (initial active 4) (2 cores per cpu, 2 threads per core) family 6 model 165 stepping 3 microcode 0xcc, cx8, cmov, fxsr, ht, mmx, 3dnowpref, sse, sse2, sse3, ssse3, sse4.1, sse4.2, popcnt, lzcnt, tsc, tscinvbit, aes, erms, clmul, clflush, clflushopt

Memory: 4k page, system-wide physical 7854M (404M free)
TotalPageFile size 22540M (AvailPageFile size 2M)
current process WorkingSet (physical memory assigned to process): 399M, peak: 428M
current process commit charge ("private bytes"): 446M, peak: 482M

vm_info: OpenJDK 64-Bit Server VM (17.0.2+8-86) for windows-amd64 JRE (17.0.2+8-86), built on Dec  7 2021 21:49:10 by "mach5one" with MS VC++ 16.8 / 16.9 (VS2019)

END.
